2025-04-23 03:09:42,092 - INFO - 注册策略: bollinger_strategy
2025-04-23 03:09:42,093 - INFO - 注册策略: kama_strategy
2025-04-23 03:09:42,093 - INFO - 注册策略: macd_strategy
2025-04-23 03:09:42,094 - INFO - 注册策略: rsi_strategy
2025-04-23 03:09:42,182 - INFO - 加载数据量：499 根 K 线
2025-04-23 03:09:42,184 - INFO - 周期切换，强制右对齐，显示范围：2025-04-22 14:09:00 到 2025-04-22 19:08:00
2025-04-23 03:09:42,185 - INFO - 过滤视图范围数据，范围：2025-04-22 14:09:00 到 2025-04-22 19:08:00，数据量：300
2025-04-23 03:09:42,186 - INFO - 过滤视图范围数据，范围：2025-04-22 14:09:00 到 2025-04-22 19:08:00，数据量：300
2025-04-23 03:09:43,030 - INFO - 图表渲染耗时：0.85秒，周期：1m
2025-04-23 03:09:43,047 - INFO - 加载数据量：499 根 K 线
2025-04-23 03:09:43,057 - INFO - 测试数据已导出到：d:\策略研究\回测功能\test_data\kline_test_data.csv
2025-04-23 03:10:07,698 - INFO - relayoutData: {'xaxis.range[0]': '2025-04-22 13:41:57.0233', 'xaxis.range[1]': '2025-04-22 18:40:57.0233', 'xaxis2.range[0]': '2025-04-22 13:41:57.0233', 'xaxis2.range[1]': '2025-04-22 18:40:57.0233', 'yaxis.range[0]': 0.003316062735192588, 'yaxis.range[1]': 0.0041956849574148105}
2025-04-23 03:10:07,737 - INFO - 更新时间范围：['2025-04-22T13:41:57.023300', '2025-04-22T18:40:57.023300']，周期：1m
2025-04-23 03:10:07,786 - INFO - 当前数据范围已覆盖，无需加载更多数据
2025-04-23 03:10:07,788 - INFO - update_params_and_data 触发，当前周期：1m
2025-04-23 03:10:07,794 - INFO - 周期切换到 1m，清空回测和重采样缓存
2025-04-23 03:10:07,795 - INFO - 周期 1m 需要加载 500 根 1 分钟 K 线
2025-04-23 03:10:07,807 - INFO - 加载数据量：500 根 K 线
2025-04-23 03:10:07,807 - INFO - 加载原始数据量：500 根 1 分钟 K 线
2025-04-23 03:10:07,808 - INFO - 周期为 1m，直接返回原始数据
2025-04-23 03:10:07,808 - INFO - 周期为 1m，直接返回原始数据
2025-04-23 03:10:07,849 - INFO - update_plot 触发，当前周期：1m
2025-04-23 03:10:07,855 - INFO - 时间范围变化小于 10 分钟，跳过图表刷新
2025-04-23 03:10:17,580 - INFO - relayoutData: {'xaxis.range[0]': '2025-04-22 14:11:02.1595', 'xaxis.range[1]': '2025-04-22 19:10:02.1595', 'xaxis2.range[0]': '2025-04-22 14:11:02.1595', 'xaxis2.range[1]': '2025-04-22 19:10:02.1595', 'yaxis.range[0]': 0.003316062735192588, 'yaxis.range[1]': 0.0041956849574148105}
2025-04-23 03:10:17,599 - INFO - 更新时间范围：['2025-04-22T15:51:02.159500', '2025-04-22T19:08:00']，周期：1m
2025-04-23 03:10:17,647 - INFO - 当前数据范围已覆盖，无需加载更多数据
2025-04-23 03:10:17,649 - INFO - update_params_and_data 触发，当前周期：1m
2025-04-23 03:10:17,653 - INFO - 周期切换到 1m，清空回测和重采样缓存
2025-04-23 03:10:17,654 - INFO - 周期 1m 需要加载 500 根 1 分钟 K 线
2025-04-23 03:10:17,655 - INFO - 使用缓存加载原始数据
2025-04-23 03:10:17,656 - INFO - 加载原始数据量：500 根 1 分钟 K 线
2025-04-23 03:10:17,657 - INFO - 周期为 1m，直接返回原始数据
2025-04-23 03:10:17,658 - INFO - 周期为 1m，直接返回原始数据
2025-04-23 03:10:17,700 - INFO - update_plot 触发，当前周期：1m
2025-04-23 03:10:17,754 - INFO - 更新图表，数据量：500 根 K 线，周期：1m
2025-04-23 03:10:17,761 - INFO - 使用用户拖动范围：2025-04-22 15:51:02.159500 到 2025-04-22 19:08:00
2025-04-23 03:10:17,766 - INFO - 过滤视图范围数据，范围：2025-04-22 15:51:02.159500 到 2025-04-22 19:08:00，数据量：197
2025-04-23 03:10:17,768 - INFO - 过滤视图范围数据，范围：2025-04-22 15:51:02.159500 到 2025-04-22 19:08:00，数据量：197
2025-04-23 03:10:17,902 - INFO - 图表渲染耗时：0.15秒，周期：1m
2025-04-23 03:20:32,699 - INFO - 注册策略: bollinger_strategy
2025-04-23 03:20:32,699 - INFO - 注册策略: kama_strategy
2025-04-23 03:20:32,700 - INFO - 注册策略: macd_strategy
2025-04-23 03:20:32,700 - INFO - 注册策略: rsi_strategy
2025-04-23 03:20:33,682 - INFO - 图表渲染耗时：0.87秒
2025-04-23 03:20:33,737 - INFO - 测试数据已导出到：d:\策略研究\回测功能\test_data\kline_test_data.csv
2025-04-23 03:20:36,962 - INFO - 注册策略: bollinger_strategy
2025-04-23 03:20:36,963 - INFO - 注册策略: kama_strategy
2025-04-23 03:20:36,964 - INFO - 注册策略: macd_strategy
2025-04-23 03:20:36,964 - INFO - 注册策略: rsi_strategy
2025-04-23 03:20:37,890 - INFO - 图表渲染耗时：0.82秒
2025-04-23 03:20:37,949 - INFO - 测试数据已导出到：d:\策略研究\回测功能\test_data\kline_test_data.csv
2025-04-23 03:21:00,505 - INFO - 图表渲染耗时：0.12秒
2025-04-23 03:21:15,561 - INFO - 图表渲染耗时：0.13秒
2025-04-23 03:26:22,042 - INFO - 图表渲染耗时：0.22秒
2025-04-23 03:26:51,613 - INFO - 图表渲染耗时：0.11秒
2025-04-23 03:27:25,621 - INFO - 图表渲染耗时：0.11秒
2025-04-23 03:30:15,097 - INFO - 图表渲染耗时：0.09秒
2025-04-23 03:30:42,011 - INFO - 图表渲染耗时：0.09秒
2025-04-23 03:30:42,767 - INFO - 图表渲染耗时：0.08秒
2025-04-23 03:34:27,981 - INFO - 注册策略: bollinger_strategy
2025-04-23 03:34:27,981 - INFO - 注册策略: kama_strategy
2025-04-23 03:34:27,981 - INFO - 注册策略: macd_strategy
2025-04-23 03:34:27,982 - INFO - 注册策略: rsi_strategy
2025-04-23 03:34:28,884 - INFO - 图表渲染耗时：0.81秒
2025-04-23 03:34:28,935 - INFO - 测试数据已导出到：d:\策略研究\回测功能\test_data\kline_test_data.csv
2025-04-23 03:34:32,591 - INFO - 注册策略: bollinger_strategy
2025-04-23 03:34:32,592 - INFO - 注册策略: kama_strategy
2025-04-23 03:34:32,592 - INFO - 注册策略: macd_strategy
2025-04-23 03:34:32,593 - INFO - 注册策略: rsi_strategy
2025-04-23 03:34:33,511 - INFO - 图表渲染耗时：0.82秒
2025-04-23 03:34:33,567 - INFO - 测试数据已导出到：d:\策略研究\回测功能\test_data\kline_test_data.csv
2025-04-23 03:35:21,489 - INFO - 图表渲染耗时：0.09秒
2025-04-23 03:48:57,254 - INFO - 注册策略: bollinger_strategy
2025-04-23 03:48:57,255 - INFO - 注册策略: kama_strategy
2025-04-23 03:48:57,256 - INFO - 注册策略: macd_strategy
2025-04-23 03:48:57,256 - INFO - 注册策略: rsi_strategy
2025-04-23 03:48:58,232 - INFO - 图表渲染耗时：0.87秒
2025-04-23 03:48:58,286 - INFO - 测试数据已导出到：d:\策略研究\回测功能\test_data\kline_test_data.csv
2025-04-23 07:48:29,209 - INFO - 注册策略: bollinger_strategy
2025-04-23 07:48:29,209 - INFO - 注册策略: kama_strategy
2025-04-23 07:48:29,210 - INFO - 注册策略: macd_strategy
2025-04-23 07:48:29,210 - INFO - 注册策略: rsi_strategy
2025-04-23 07:48:30,199 - INFO - 图表渲染耗时：0.88秒
2025-04-23 07:48:30,253 - INFO - 测试数据已导出到：d:\策略研究\回测功能\test_data\kline_test_data.csv
2025-04-23 07:48:33,551 - INFO - 注册策略: bollinger_strategy
2025-04-23 07:48:33,551 - INFO - 注册策略: kama_strategy
2025-04-23 07:48:33,552 - INFO - 注册策略: macd_strategy
2025-04-23 07:48:33,552 - INFO - 注册策略: rsi_strategy
2025-04-23 07:48:34,510 - INFO - 图表渲染耗时：0.86秒
2025-04-23 07:48:34,565 - INFO - 测试数据已导出到：d:\策略研究\回测功能\test_data\kline_test_data.csv
2025-04-23 08:10:37,870 - INFO - 图表渲染耗时：0.13秒
2025-04-23 08:10:42,846 - INFO - 图表渲染耗时：0.12秒
2025-04-23 08:10:46,282 - INFO - 图表渲染耗时：0.11秒
2025-04-23 08:10:50,185 - INFO - 图表渲染耗时：0.11秒
2025-04-23 08:25:05,412 - INFO - 注册策略: bollinger_strategy
2025-04-23 08:25:05,413 - INFO - 注册策略: kama_strategy
2025-04-23 08:25:05,413 - INFO - 注册策略: macd_strategy
2025-04-23 08:25:05,413 - INFO - 注册策略: rsi_strategy
2025-04-23 08:25:06,514 - INFO - 图表渲染耗时：0.97秒
2025-04-23 08:25:06,568 - INFO - 测试数据已导出到：d:\策略研究\回测功能\test_data\kline_test_data.csv
2025-04-23 08:25:09,987 - INFO - 注册策略: bollinger_strategy
2025-04-23 08:25:09,988 - INFO - 注册策略: kama_strategy
2025-04-23 08:25:09,989 - INFO - 注册策略: macd_strategy
2025-04-23 08:25:09,989 - INFO - 注册策略: rsi_strategy
2025-04-23 08:25:11,514 - INFO - 图表渲染耗时：1.39秒
2025-04-23 08:25:11,581 - INFO - 测试数据已导出到：d:\策略研究\回测功能\test_data\kline_test_data.csv
2025-04-23 08:26:53,220 - INFO - 图表渲染耗时：0.10秒
2025-04-23 08:27:04,397 - INFO - 图表渲染耗时：0.09秒
2025-04-23 08:28:38,104 - INFO - 图表渲染耗时：0.22秒
2025-04-23 08:28:46,749 - INFO - 图表渲染耗时：0.09秒
2025-04-23 08:29:01,594 - INFO - 图表渲染耗时：0.10秒
2025-04-23 08:29:07,068 - INFO - 图表渲染耗时：0.12秒
2025-04-23 08:29:15,201 - INFO - 图表渲染耗时：0.09秒
2025-04-23 08:31:13,995 - INFO - 图表渲染耗时：0.20秒
2025-04-23 09:14:51,395 - INFO - 注册策略: bollinger_strategy
2025-04-23 09:14:51,395 - INFO - 注册策略: kama_strategy
2025-04-23 09:14:51,395 - INFO - 注册策略: macd_strategy
2025-04-23 09:14:51,396 - INFO - 注册策略: rsi_strategy
2025-04-23 09:14:52,337 - INFO - 图表渲染耗时：0.85秒
2025-04-23 09:14:52,389 - INFO - 测试数据已导出到：d:\策略研究\回测功能\test_data\kline_test_data.csv
2025-04-23 09:14:55,538 - INFO - 注册策略: bollinger_strategy
2025-04-23 09:14:55,539 - INFO - 注册策略: kama_strategy
2025-04-23 09:14:55,539 - INFO - 注册策略: macd_strategy
2025-04-23 09:14:55,540 - INFO - 注册策略: rsi_strategy
2025-04-23 09:14:56,697 - INFO - 图表渲染耗时：1.05秒
2025-04-23 09:14:56,866 - INFO - 测试数据已导出到：d:\策略研究\回测功能\test_data\kline_test_data.csv
2025-04-23 09:15:07,898 - INFO - 图表渲染耗时：0.11秒
2025-04-23 09:15:17,960 - INFO - 图表渲染耗时：0.14秒
2025-04-23 09:15:25,709 - INFO - 图表渲染耗时：0.12秒
2025-04-23 09:15:29,403 - INFO - 图表渲染耗时：0.11秒
2025-04-23 09:15:33,125 - INFO - 图表渲染耗时：0.12秒
2025-04-23 09:15:44,792 - INFO - 图表渲染耗时：0.12秒
2025-04-23 09:15:49,097 - INFO - 图表渲染耗时：0.11秒
2025-04-23 09:17:38,864 - INFO - 图表渲染耗时：0.09秒
2025-04-23 09:17:41,743 - INFO - 图表渲染耗时：0.10秒
2025-04-23 09:17:43,495 - INFO - 图表渲染耗时：0.11秒
2025-04-23 09:18:51,602 - INFO - 图表渲染耗时：0.10秒
2025-04-23 09:39:37,489 - INFO - 注册策略: bollinger_strategy
2025-04-23 09:39:37,489 - INFO - 注册策略: kama_strategy
2025-04-23 09:39:37,489 - INFO - 注册策略: macd_strategy
2025-04-23 09:39:37,490 - INFO - 注册策略: rsi_strategy
2025-04-23 09:39:38,459 - INFO - 图表渲染耗时：0.86秒
2025-04-23 09:39:38,525 - INFO - 测试数据已导出到：d:\策略研究\回测功能\test_data\kline_test_data.csv
2025-04-23 09:39:41,888 - INFO - 注册策略: bollinger_strategy
2025-04-23 09:39:41,889 - INFO - 注册策略: kama_strategy
2025-04-23 09:39:41,889 - INFO - 注册策略: macd_strategy
2025-04-23 09:39:41,890 - INFO - 注册策略: rsi_strategy
2025-04-23 09:39:43,252 - INFO - 图表渲染耗时：1.24秒
2025-04-23 09:39:43,309 - INFO - 测试数据已导出到：d:\策略研究\回测功能\test_data\kline_test_data.csv
2025-04-23 09:40:00,830 - INFO - 数据变化，触发图表刷新
2025-04-23 09:40:00,835 - INFO - 周期变化，从 1m 变为 5m，触发图表刷新
2025-04-23 09:40:01,014 - INFO - 图表渲染耗时：0.11秒
2025-04-23 09:40:01,802 - INFO - 数据变化，触发图表刷新
2025-04-23 09:40:01,955 - INFO - 图表渲染耗时：0.12秒
2025-04-23 09:41:22,318 - INFO - 数据变化，触发图表刷新
2025-04-23 09:41:22,507 - INFO - 图表渲染耗时：0.13秒
2025-04-23 09:41:31,865 - INFO - 数据变化，触发图表刷新
2025-04-23 09:41:32,138 - INFO - 图表渲染耗时：0.14秒
2025-04-23 09:41:35,731 - INFO - 数据变化，触发图表刷新
2025-04-23 09:41:35,876 - INFO - 图表渲染耗时：0.12秒
2025-04-23 09:41:40,028 - INFO - 数据变化，触发图表刷新
2025-04-23 09:41:40,237 - INFO - 图表渲染耗时：0.16秒
2025-04-23 10:03:31,183 - INFO - 注册策略: bollinger_strategy
2025-04-23 10:03:31,184 - INFO - 注册策略: kama_strategy
2025-04-23 10:03:31,184 - INFO - 注册策略: macd_strategy
2025-04-23 10:03:31,185 - INFO - 注册策略: rsi_strategy
2025-04-23 10:03:32,264 - INFO - 图表渲染耗时：0.98秒
2025-04-23 10:03:32,319 - INFO - 测试数据已导出到：d:\策略研究\回测功能\test_data\kline_test_data.csv
2025-04-23 10:03:35,509 - INFO - 注册策略: bollinger_strategy
2025-04-23 10:03:35,510 - INFO - 注册策略: kama_strategy
2025-04-23 10:03:35,510 - INFO - 注册策略: macd_strategy
2025-04-23 10:03:35,511 - INFO - 注册策略: rsi_strategy
2025-04-23 10:03:36,441 - INFO - 图表渲染耗时：0.83秒
2025-04-23 10:03:36,502 - INFO - 测试数据已导出到：d:\策略研究\回测功能\test_data\kline_test_data.csv
2025-04-23 10:04:56,645 - INFO - 数据变化，触发图表刷新
2025-04-23 10:04:56,649 - INFO - 周期变化，从 1m 变为 5m，触发图表刷新
2025-04-23 10:04:56,790 - INFO - 图表渲染耗时：0.10秒
2025-04-23 10:05:02,310 - INFO - 数据变化，触发图表刷新
2025-04-23 10:05:02,472 - INFO - 图表渲染耗时：0.13秒
2025-04-23 12:15:19,318 - INFO - 数据变化，触发图表刷新
2025-04-23 12:15:19,472 - INFO - 图表渲染耗时：0.12秒
2025-04-23 12:15:21,461 - INFO - 数据变化，触发图表刷新
2025-04-23 12:15:21,609 - INFO - 图表渲染耗时：0.12秒
2025-04-23 12:15:26,073 - INFO - 数据变化，触发图表刷新
2025-04-23 12:15:26,323 - INFO - 图表渲染耗时：0.12秒
2025-04-23 12:15:33,129 - INFO - 数据变化，触发图表刷新
2025-04-23 12:15:33,284 - INFO - 图表渲染耗时：0.12秒
2025-04-24 01:27:13,091 - INFO - 注册策略: bollinger_strategy
2025-04-24 01:27:13,092 - INFO - 注册策略: kama_strategy
2025-04-24 01:27:13,092 - INFO - 注册策略: macd_strategy
2025-04-24 01:27:13,092 - INFO - 注册策略: rsi_strategy
2025-04-24 01:27:14,727 - INFO - 图表渲染耗时：1.52秒
2025-04-24 01:27:14,786 - INFO - 测试数据已导出到：d:\策略研究\回测功能\test_data\kline_test_data.csv
2025-04-24 01:27:18,316 - INFO - 注册策略: bollinger_strategy
2025-04-24 01:27:18,316 - INFO - 注册策略: kama_strategy
2025-04-24 01:27:18,317 - INFO - 注册策略: macd_strategy
2025-04-24 01:27:18,317 - INFO - 注册策略: rsi_strategy
2025-04-24 01:27:19,358 - INFO - 图表渲染耗时：0.92秒
2025-04-24 01:27:19,434 - INFO - 测试数据已导出到：d:\策略研究\回测功能\test_data\kline_test_data.csv
2025-04-24 01:27:26,280 - INFO - 数据变化，触发图表刷新
2025-04-24 01:27:26,286 - INFO - 周期变化，从 1m 变为 5m，触发图表刷新
2025-04-24 01:27:26,473 - INFO - 图表渲染耗时：0.12秒
2025-04-24 02:05:14,819 - INFO - 注册策略: bollinger_strategy
2025-04-24 02:05:14,820 - INFO - 注册策略: kama_strategy
2025-04-24 02:05:14,820 - INFO - 注册策略: macd_strategy
2025-04-24 02:05:14,820 - INFO - 注册策略: rsi_strategy
2025-04-24 02:05:16,126 - INFO - 图表渲染耗时：1.20秒
2025-04-24 02:05:16,189 - INFO - 测试数据已导出到：d:\策略研究\回测功能\test_data\kline_test_data.csv
2025-04-24 02:05:19,847 - INFO - 注册策略: bollinger_strategy
2025-04-24 02:05:19,847 - INFO - 注册策略: kama_strategy
2025-04-24 02:05:19,848 - INFO - 注册策略: macd_strategy
2025-04-24 02:05:19,848 - INFO - 注册策略: rsi_strategy
2025-04-24 02:05:20,898 - INFO - 图表渲染耗时：0.95秒
2025-04-24 02:05:20,956 - INFO - 测试数据已导出到：d:\策略研究\回测功能\test_data\kline_test_data.csv
2025-04-24 02:09:08,026 - INFO - 图表渲染耗时：0.09秒
2025-04-24 02:10:00,737 - INFO - 注册策略: bollinger_strategy
2025-04-24 02:10:00,737 - INFO - 注册策略: kama_strategy
2025-04-24 02:10:00,737 - INFO - 注册策略: macd_strategy
2025-04-24 02:10:00,738 - INFO - 注册策略: rsi_strategy
2025-04-24 02:10:02,062 - INFO - 图表渲染耗时：1.18秒
2025-04-24 02:10:02,127 - INFO - 测试数据已导出到：d:\策略研究\回测功能\test_data\kline_test_data.csv
2025-04-24 02:10:05,625 - INFO - 注册策略: bollinger_strategy
2025-04-24 02:10:05,625 - INFO - 注册策略: kama_strategy
2025-04-24 02:10:05,626 - INFO - 注册策略: macd_strategy
2025-04-24 02:10:05,626 - INFO - 注册策略: rsi_strategy
2025-04-24 02:10:06,615 - INFO - 图表渲染耗时：0.86秒
2025-04-24 02:10:06,681 - INFO - 测试数据已导出到：d:\策略研究\回测功能\test_data\kline_test_data.csv
2025-04-24 02:15:14,626 - INFO - 图表渲染耗时：0.08秒
2025-04-24 02:29:05,664 - INFO - 注册策略: bollinger_strategy
2025-04-24 02:29:05,664 - INFO - 注册策略: kama_strategy
2025-04-24 02:29:05,665 - INFO - 注册策略: macd_strategy
2025-04-24 02:29:05,665 - INFO - 注册策略: rsi_strategy
2025-04-24 02:29:07,059 - INFO - 图表渲染耗时：1.28秒
2025-04-24 02:29:07,118 - INFO - 测试数据已导出到：d:\策略研究\回测功能\test_data\kline_test_data.csv
2025-04-24 02:29:10,692 - INFO - 注册策略: bollinger_strategy
2025-04-24 02:29:10,693 - INFO - 注册策略: kama_strategy
2025-04-24 02:29:10,693 - INFO - 注册策略: macd_strategy
2025-04-24 02:29:10,693 - INFO - 注册策略: rsi_strategy
2025-04-24 02:29:11,693 - INFO - 图表渲染耗时：0.90秒
2025-04-24 02:29:11,756 - INFO - 测试数据已导出到：d:\策略研究\回测功能\test_data\kline_test_data.csv
2025-04-24 02:30:58,328 - INFO - 图表渲染耗时：0.09秒
2025-04-24 03:19:28,820 - INFO - 注册策略: bollinger_strategy
2025-04-24 03:19:28,820 - INFO - 注册策略: kama_strategy
2025-04-24 03:19:28,821 - INFO - 注册策略: macd_strategy
2025-04-24 03:19:28,821 - INFO - 注册策略: rsi_strategy
2025-04-24 03:19:30,046 - INFO - 图表渲染耗时：1.12秒
2025-04-24 03:19:30,099 - INFO - 测试数据已导出到：d:\策略研究\回测功能\test_data\kline_test_data.csv
2025-04-24 03:20:58,345 - INFO - 注册策略: bollinger_strategy
2025-04-24 03:20:58,346 - INFO - 注册策略: kama_strategy
2025-04-24 03:20:58,346 - INFO - 注册策略: macd_strategy
2025-04-24 03:20:58,346 - INFO - 注册策略: rsi_strategy
2025-04-24 03:21:05,933 - INFO - 注册策略: bollinger_strategy
2025-04-24 03:21:05,934 - INFO - 注册策略: kama_strategy
2025-04-24 03:21:05,934 - INFO - 注册策略: macd_strategy
2025-04-24 03:21:05,935 - INFO - 注册策略: rsi_strategy
2025-04-24 03:21:07,522 - INFO - 图表渲染耗时：1.47秒
2025-04-24 03:21:07,596 - INFO - 测试数据已导出到：d:\策略研究\回测功能\test_data\kline_test_data.csv
2025-04-24 03:21:11,067 - INFO - 注册策略: bollinger_strategy
2025-04-24 03:21:11,068 - INFO - 注册策略: kama_strategy
2025-04-24 03:21:11,069 - INFO - 注册策略: macd_strategy
2025-04-24 03:21:11,069 - INFO - 注册策略: rsi_strategy
2025-04-24 03:21:12,130 - INFO - 图表渲染耗时：0.95秒
2025-04-24 03:21:12,185 - INFO - 测试数据已导出到：d:\策略研究\回测功能\test_data\kline_test_data.csv
2025-04-24 03:25:32,023 - INFO - 注册策略: bollinger_strategy
2025-04-24 03:25:32,024 - INFO - 注册策略: kama_strategy
2025-04-24 03:25:32,024 - INFO - 注册策略: macd_strategy
2025-04-24 03:25:32,024 - INFO - 注册策略: rsi_strategy
2025-04-24 03:25:33,025 - INFO - 图表渲染耗时：0.90秒
2025-04-24 03:25:33,079 - INFO - 测试数据已导出到：d:\策略研究\回测功能\test_data\kline_test_data.csv
2025-04-24 03:25:36,272 - INFO - 注册策略: bollinger_strategy
2025-04-24 03:25:36,272 - INFO - 注册策略: kama_strategy
2025-04-24 03:25:36,273 - INFO - 注册策略: macd_strategy
2025-04-24 03:25:36,273 - INFO - 注册策略: rsi_strategy
2025-04-24 03:25:37,607 - INFO - 图表渲染耗时：1.23秒
2025-04-24 03:25:37,664 - INFO - 测试数据已导出到：d:\策略研究\回测功能\test_data\kline_test_data.csv
2025-04-24 03:25:59,207 - INFO - 图表渲染耗时：0.09秒
2025-04-24 03:30:29,884 - INFO - 注册策略: bollinger_strategy
2025-04-24 03:30:29,885 - INFO - 注册策略: kama_strategy
2025-04-24 03:30:29,885 - INFO - 注册策略: macd_strategy
2025-04-24 03:30:29,886 - INFO - 注册策略: rsi_strategy
2025-04-24 03:30:30,882 - INFO - 图表渲染耗时：0.89秒
2025-04-24 03:30:30,900 - INFO - 测试数据已存在，跳过导出：d:\策略研究\回测功能\test_data\kline_test_data.csv
2025-04-24 03:30:55,056 - INFO - 注册策略: bollinger_strategy
2025-04-24 03:30:55,056 - INFO - 注册策略: kama_strategy
2025-04-24 03:30:55,056 - INFO - 注册策略: macd_strategy
2025-04-24 03:30:55,057 - INFO - 注册策略: rsi_strategy
2025-04-24 03:30:55,980 - INFO - 图表渲染耗时：0.82秒
2025-04-24 03:30:55,995 - INFO - 测试数据已存在，跳过导出：d:\策略研究\回测功能\test_data\kline_test_data.csv
2025-04-24 03:30:59,130 - INFO - 注册策略: bollinger_strategy
2025-04-24 03:30:59,130 - INFO - 注册策略: kama_strategy
2025-04-24 03:30:59,131 - INFO - 注册策略: macd_strategy
2025-04-24 03:30:59,131 - INFO - 注册策略: rsi_strategy
2025-04-24 03:31:00,045 - INFO - 图表渲染耗时：0.82秒
2025-04-24 03:31:00,071 - INFO - 测试数据已存在，跳过导出：d:\策略研究\回测功能\test_data\kline_test_data.csv
2025-04-24 03:32:56,780 - INFO - 注册策略: bollinger_strategy
2025-04-24 03:32:56,781 - INFO - 注册策略: kama_strategy
2025-04-24 03:32:56,782 - INFO - 注册策略: macd_strategy
2025-04-24 03:32:56,782 - INFO - 注册策略: rsi_strategy
2025-04-24 03:32:57,715 - INFO - 图表渲染耗时：0.84秒
2025-04-24 03:32:57,728 - INFO - 测试数据已存在，跳过导出：d:\策略研究\回测功能\test_data\kline_test_data.csv
2025-04-24 03:33:11,671 - INFO - 图表渲染耗时：0.09秒
2025-04-24 04:10:36,885 - INFO - 注册策略: bollinger_strategy
2025-04-24 04:10:36,886 - INFO - 注册策略: kama_strategy
2025-04-24 04:10:36,886 - INFO - 注册策略: macd_strategy
2025-04-24 04:10:36,886 - INFO - 注册策略: rsi_strategy
2025-04-24 04:10:38,490 - INFO - 图表渲染耗时：1.50秒
2025-04-24 04:10:38,505 - INFO - 测试数据已存在，跳过导出：d:\策略研究\回测功能\test_data\kline_test_data.csv
2025-04-24 04:10:42,015 - INFO - 注册策略: bollinger_strategy
2025-04-24 04:10:42,015 - INFO - 注册策略: kama_strategy
2025-04-24 04:10:42,016 - INFO - 注册策略: macd_strategy
2025-04-24 04:10:42,016 - INFO - 注册策略: rsi_strategy
2025-04-24 04:10:43,000 - INFO - 图表渲染耗时：0.88秒
2025-04-24 04:10:43,014 - INFO - 测试数据已存在，跳过导出：d:\策略研究\回测功能\test_data\kline_test_data.csv
2025-04-24 04:10:46,853 - INFO - 图表渲染耗时：0.11秒
2025-04-24 04:10:50,517 - INFO - 图表渲染耗时：0.10秒
2025-04-24 04:10:50,929 - INFO - 图表渲染耗时：0.08秒
2025-04-24 04:10:56,272 - INFO - 图表渲染耗时：0.10秒
2025-04-24 04:10:57,736 - INFO - 图表渲染耗时：0.08秒
2025-04-24 04:11:09,010 - INFO - 图表渲染耗时：0.10秒
2025-04-24 04:11:17,879 - INFO - 图表渲染耗时：0.08秒
2025-04-24 04:11:20,261 - INFO - 图表渲染耗时：0.10秒
2025-04-24 04:11:21,673 - INFO - 图表渲染耗时：0.20秒
2025-04-24 04:11:23,344 - INFO - 图表渲染耗时：0.09秒
2025-04-24 04:11:25,589 - INFO - 图表渲染耗时：0.08秒
2025-04-24 04:11:27,393 - INFO - 图表渲染耗时：0.11秒
2025-04-24 04:11:29,564 - INFO - 图表渲染耗时：0.11秒
2025-04-24 04:11:41,194 - INFO - 图表渲染耗时：0.07秒
2025-04-24 04:11:54,561 - INFO - 图表渲染耗时：0.10秒
2025-04-24 04:13:07,232 - INFO - 图表渲染耗时：0.08秒
2025-04-24 04:13:10,123 - INFO - 图表渲染耗时：0.08秒
2025-04-24 04:13:14,611 - INFO - 图表渲染耗时：0.08秒
2025-04-24 04:13:17,701 - INFO - 图表渲染耗时：0.09秒
2025-04-24 04:13:19,113 - INFO - 图表渲染耗时：0.10秒
2025-04-24 04:13:25,453 - INFO - 图表渲染耗时：0.10秒
2025-04-24 04:13:26,157 - INFO - 图表渲染耗时：0.08秒
2025-04-24 04:13:26,714 - INFO - 图表渲染耗时：0.09秒
2025-04-24 04:13:27,703 - INFO - 图表渲染耗时：0.09秒
2025-04-24 04:13:28,379 - INFO - 图表渲染耗时：0.08秒
2025-04-24 04:13:32,527 - INFO - 图表渲染耗时：0.14秒
2025-04-24 04:13:33,807 - INFO - 图表渲染耗时：0.09秒
2025-04-24 04:13:34,965 - INFO - 图表渲染耗时：0.09秒
2025-04-24 04:13:35,878 - INFO - 图表渲染耗时：0.08秒
2025-04-24 04:13:37,288 - INFO - 图表渲染耗时：0.09秒
2025-04-24 04:13:38,180 - INFO - 图表渲染耗时：0.08秒
2025-04-24 04:13:38,930 - INFO - 图表渲染耗时：0.09秒
2025-04-24 04:13:39,563 - INFO - 图表渲染耗时：0.08秒
2025-04-24 04:13:40,375 - INFO - 图表渲染耗时：0.09秒
2025-04-24 04:13:41,053 - INFO - 图表渲染耗时：0.08秒
2025-04-24 04:13:42,138 - INFO - 图表渲染耗时：0.09秒
2025-04-24 04:13:43,106 - INFO - 图表渲染耗时：0.08秒
2025-04-24 04:13:44,006 - INFO - 图表渲染耗时：0.09秒
2025-04-24 04:13:45,753 - INFO - 图表渲染耗时：0.09秒
2025-04-24 04:13:47,207 - INFO - 图表渲染耗时：0.09秒
2025-04-24 04:13:50,128 - INFO - 图表渲染耗时：0.07秒
2025-04-24 04:13:51,476 - INFO - 图表渲染耗时：0.09秒
2025-04-24 04:14:41,913 - INFO - 注册策略: bollinger_strategy
2025-04-24 04:14:41,914 - INFO - 注册策略: kama_strategy
2025-04-24 04:14:41,914 - INFO - 注册策略: macd_strategy
2025-04-24 04:14:41,914 - INFO - 注册策略: rsi_strategy
2025-04-24 04:14:42,869 - INFO - 图表渲染耗时：0.86秒
2025-04-24 04:14:42,883 - INFO - 测试数据已存在，跳过导出：d:\策略研究\回测功能\test_data\kline_test_data.csv
2025-04-24 04:14:45,992 - INFO - 注册策略: bollinger_strategy
2025-04-24 04:14:45,992 - INFO - 注册策略: kama_strategy
2025-04-24 04:14:45,993 - INFO - 注册策略: macd_strategy
2025-04-24 04:14:45,993 - INFO - 注册策略: rsi_strategy
2025-04-24 04:14:47,006 - INFO - 图表渲染耗时：0.91秒
2025-04-24 04:14:47,022 - INFO - 测试数据已存在，跳过导出：d:\策略研究\回测功能\test_data\kline_test_data.csv
2025-04-24 04:14:53,223 - INFO - 图表渲染耗时：0.09秒
2025-04-24 04:14:56,279 - INFO - 图表渲染耗时：0.07秒
2025-04-24 04:14:59,387 - INFO - 图表渲染耗时：0.07秒
2025-04-24 04:15:01,845 - INFO - 图表渲染耗时：0.08秒
2025-04-24 04:15:05,735 - INFO - 图表渲染耗时：0.08秒
2025-04-24 04:15:09,783 - INFO - 图表渲染耗时：0.08秒
2025-04-24 04:15:14,631 - INFO - 图表渲染耗时：0.07秒
2025-04-24 04:15:19,385 - INFO - 图表渲染耗时：0.09秒
2025-04-24 05:19:11,874 - INFO - 图表渲染耗时：0.12秒
2025-04-24 05:19:12,739 - INFO - 图表渲染耗时：0.07秒
2025-04-24 05:19:14,025 - INFO - 图表渲染耗时：0.08秒
2025-04-24 05:19:15,107 - INFO - 图表渲染耗时：0.09秒
2025-04-24 05:19:15,330 - INFO - 图表渲染耗时：0.08秒
2025-04-24 05:19:16,827 - INFO - 图表渲染耗时：0.11秒
2025-04-24 05:19:20,319 - INFO - 图表渲染耗时：0.12秒
2025-04-24 05:19:22,291 - INFO - 图表渲染耗时：0.12秒
2025-04-24 05:37:40,481 - INFO - 图表渲染耗时：0.15秒
2025-04-24 05:37:50,527 - INFO - 图表渲染耗时：0.10秒
2025-04-24 05:37:55,342 - INFO - 图表渲染耗时：0.11秒
2025-04-24 05:37:58,367 - INFO - 图表渲染耗时：0.18秒
2025-04-24 05:38:01,856 - INFO - 图表渲染耗时：0.12秒
2025-04-24 05:38:04,650 - INFO - 图表渲染耗时：0.11秒
2025-04-24 05:38:07,970 - INFO - 图表渲染耗时：0.11秒
2025-04-24 06:33:08,594 - INFO - 注册策略: bollinger_strategy
2025-04-24 06:33:08,595 - INFO - 注册策略: kama_strategy
2025-04-24 06:33:08,595 - INFO - 注册策略: macd_strategy
2025-04-24 06:33:08,596 - INFO - 注册策略: rsi_strategy
2025-04-24 06:33:10,016 - INFO - 图表渲染耗时：1.30秒
2025-04-24 06:33:10,032 - INFO - 测试数据已存在，跳过导出：d:\策略研究\回测功能\test_data\kline_test_data.csv
2025-04-24 06:33:13,850 - INFO - 注册策略: bollinger_strategy
2025-04-24 06:33:13,851 - INFO - 注册策略: kama_strategy
2025-04-24 06:33:13,851 - INFO - 注册策略: macd_strategy
2025-04-24 06:33:13,852 - INFO - 注册策略: rsi_strategy
2025-04-24 06:33:14,838 - INFO - 图表渲染耗时：0.88秒
2025-04-24 06:33:14,852 - INFO - 测试数据已存在，跳过导出：d:\策略研究\回测功能\test_data\kline_test_data.csv
2025-04-24 06:35:31,217 - INFO - 图表渲染耗时：0.15秒
2025-04-24 06:35:46,995 - INFO - 图表渲染耗时：0.10秒
2025-04-24 06:35:52,934 - INFO - 图表渲染耗时：0.11秒
2025-04-24 06:56:31,768 - INFO - 注册策略: bollinger_strategy
2025-04-24 06:56:31,769 - INFO - 注册策略: kama_strategy
2025-04-24 06:56:31,769 - INFO - 注册策略: macd_strategy
2025-04-24 06:56:31,769 - INFO - 注册策略: rsi_strategy
2025-04-24 06:56:33,329 - INFO - 图表渲染耗时：1.45秒
2025-04-24 06:56:33,349 - INFO - 测试数据已存在，跳过导出：d:\策略研究\回测功能\test_data\kline_test_data.csv
2025-04-24 06:56:36,496 - INFO - 注册策略: bollinger_strategy
2025-04-24 06:56:36,496 - INFO - 注册策略: kama_strategy
2025-04-24 06:56:36,497 - INFO - 注册策略: macd_strategy
2025-04-24 06:56:36,497 - INFO - 注册策略: rsi_strategy
2025-04-24 06:56:37,436 - INFO - 图表渲染耗时：0.84秒
2025-04-24 06:56:37,450 - INFO - 测试数据已存在，跳过导出：d:\策略研究\回测功能\test_data\kline_test_data.csv
2025-04-24 06:56:41,761 - INFO - 图表渲染耗时：0.12秒
2025-04-24 06:56:45,840 - INFO - 图表渲染耗时：0.11秒
2025-04-24 06:57:50,509 - INFO - 图表渲染耗时：0.12秒
2025-04-24 06:57:51,604 - INFO - 图表渲染耗时：0.11秒
2025-04-24 06:58:36,924 - INFO - 图表渲染耗时：0.12秒
2025-04-24 07:00:12,011 - INFO - 注册策略: bollinger_strategy
2025-04-24 07:00:12,012 - INFO - 注册策略: kama_strategy
2025-04-24 07:00:12,012 - INFO - 注册策略: macd_strategy
2025-04-24 07:00:12,012 - INFO - 注册策略: rsi_strategy
2025-04-24 07:00:13,898 - INFO - 图表渲染耗时：1.78秒
2025-04-24 07:00:13,912 - INFO - 测试数据已存在，跳过导出：d:\策略研究\回测功能\test_data\kline_test_data.csv
2025-04-24 07:00:24,541 - INFO - 注册策略: bollinger_strategy
2025-04-24 07:00:24,541 - INFO - 注册策略: kama_strategy
2025-04-24 07:00:24,541 - INFO - 注册策略: macd_strategy
2025-04-24 07:00:24,542 - INFO - 注册策略: rsi_strategy
2025-04-24 07:00:25,695 - INFO - 图表渲染耗时：1.03秒
2025-04-24 07:00:25,710 - INFO - 测试数据已存在，跳过导出：d:\策略研究\回测功能\test_data\kline_test_data.csv
2025-04-24 07:00:29,028 - INFO - 注册策略: bollinger_strategy
2025-04-24 07:00:29,029 - INFO - 注册策略: kama_strategy
2025-04-24 07:00:29,029 - INFO - 注册策略: macd_strategy
2025-04-24 07:00:29,030 - INFO - 注册策略: rsi_strategy
2025-04-24 07:00:29,962 - INFO - 图表渲染耗时：0.83秒
2025-04-24 07:00:29,976 - INFO - 测试数据已存在，跳过导出：d:\策略研究\回测功能\test_data\kline_test_data.csv
2025-04-24 07:18:36,066 - INFO - 注册策略: bollinger_strategy
2025-04-24 07:18:36,067 - INFO - 注册策略: kama_strategy
2025-04-24 07:18:36,067 - INFO - 注册策略: macd_strategy
2025-04-24 07:18:36,067 - INFO - 注册策略: rsi_strategy
2025-04-24 07:18:37,390 - INFO - 图表渲染耗时：1.22秒
2025-04-24 07:18:37,404 - INFO - 测试数据已存在，跳过导出：d:\策略研究\回测功能\test_data\kline_test_data.csv
2025-04-24 07:18:40,646 - INFO - 注册策略: bollinger_strategy
2025-04-24 07:18:40,647 - INFO - 注册策略: kama_strategy
2025-04-24 07:18:40,647 - INFO - 注册策略: macd_strategy
2025-04-24 07:18:40,648 - INFO - 注册策略: rsi_strategy
2025-04-24 07:18:41,678 - INFO - 图表渲染耗时：0.92秒
2025-04-24 07:18:41,692 - INFO - 测试数据已存在，跳过导出：d:\策略研究\回测功能\test_data\kline_test_data.csv
2025-04-24 07:18:52,554 - INFO - 执行回调函数：update_xaxis_range
2025-04-24 07:18:52,621 - INFO - 执行回调函数：update_plot
2025-04-24 07:18:52,635 - INFO - 执行回调函数：load_more_data
2025-04-24 07:18:52,793 - INFO - 图表渲染耗时：0.11秒
2025-04-24 08:01:21,547 - INFO - 注册策略: bollinger_strategy
2025-04-24 08:01:21,547 - INFO - 注册策略: kama_strategy
2025-04-24 08:01:21,548 - INFO - 注册策略: macd_strategy
2025-04-24 08:01:21,548 - INFO - 注册策略: rsi_strategy
2025-04-24 08:01:22,890 - INFO - 图表渲染耗时：1.23秒
2025-04-24 08:01:22,911 - INFO - 测试数据已存在，跳过导出：d:\策略研究\回测功能\test_data\kline_test_data.csv
2025-04-24 08:01:26,496 - INFO - 注册策略: bollinger_strategy
2025-04-24 08:01:26,497 - INFO - 注册策略: kama_strategy
2025-04-24 08:01:26,497 - INFO - 注册策略: macd_strategy
2025-04-24 08:01:26,498 - INFO - 注册策略: rsi_strategy
2025-04-24 08:01:27,463 - INFO - 图表渲染耗时：0.86秒
2025-04-24 08:01:27,482 - INFO - 测试数据已存在，跳过导出：d:\策略研究\回测功能\test_data\kline_test_data.csv
2025-04-24 08:01:35,392 - INFO - 图表渲染耗时：0.13秒
2025-04-24 08:01:37,799 - INFO - 图表渲染耗时：0.12秒
2025-04-24 08:01:41,912 - INFO - 图表渲染耗时：0.11秒
2025-04-24 08:01:44,299 - INFO - 图表渲染耗时：0.14秒
2025-04-24 08:01:49,828 - INFO - 图表渲染耗时：0.12秒
2025-04-24 08:01:53,871 - INFO - 图表渲染耗时：0.13秒
2025-04-24 08:01:57,979 - INFO - 图表渲染耗时：0.12秒
2025-04-24 11:46:02,407 - INFO - 图表渲染耗时：0.11秒
2025-04-24 11:47:54,024 - INFO - 图表渲染耗时：0.12秒
2025-04-24 11:51:33,424 - INFO - 注册策略: bollinger_strategy
2025-04-24 11:51:33,425 - INFO - 注册策略: kama_strategy
2025-04-24 11:51:33,425 - INFO - 注册策略: macd_strategy
2025-04-24 11:51:33,425 - INFO - 注册策略: rsi_strategy
2025-04-24 11:51:33,515 - ERROR - 加载和重采样数据失败：'Namespace' object has no attribute 'use'
2025-04-24 11:51:33,519 - ERROR - 初始数据加载失败，使用空数据
2025-04-24 11:51:33,521 - WARNING - 无数据，无法绘图
2025-04-24 11:51:34,475 - INFO - 测试数据已存在，跳过导出：d:\策略研究\回测功能\test_data\kline_test_data.csv
2025-04-24 11:51:38,039 - INFO - 注册策略: bollinger_strategy
2025-04-24 11:51:38,039 - INFO - 注册策略: kama_strategy
2025-04-24 11:51:38,040 - INFO - 注册策略: macd_strategy
2025-04-24 11:51:38,040 - INFO - 注册策略: rsi_strategy
2025-04-24 11:51:38,134 - ERROR - 加载和重采样数据失败：'Namespace' object has no attribute 'use'
2025-04-24 11:51:38,138 - ERROR - 初始数据加载失败，使用空数据
2025-04-24 11:51:38,140 - WARNING - 无数据，无法绘图
2025-04-24 11:51:38,855 - INFO - 测试数据已存在，跳过导出：d:\策略研究\回测功能\test_data\kline_test_data.csv
2025-04-24 11:56:01,012 - INFO - 注册策略: bollinger_strategy
2025-04-24 11:56:01,013 - INFO - 注册策略: kama_strategy
2025-04-24 11:56:01,013 - INFO - 注册策略: macd_strategy
2025-04-24 11:56:01,013 - INFO - 注册策略: rsi_strategy
2025-04-24 11:56:01,119 - ERROR - 加载和重采样数据失败：'Namespace' object has no attribute 'use'
2025-04-24 11:56:01,124 - ERROR - 初始数据加载失败，使用空数据
2025-04-24 11:56:01,126 - WARNING - 无数据，无法绘图
2025-04-24 11:56:02,062 - INFO - 测试数据已存在，跳过导出：d:\策略研究\回测功能\test_data\kline_test_data.csv
2025-04-24 11:56:05,391 - INFO - 注册策略: bollinger_strategy
2025-04-24 11:56:05,391 - INFO - 注册策略: kama_strategy
2025-04-24 11:56:05,392 - INFO - 注册策略: macd_strategy
2025-04-24 11:56:05,393 - INFO - 注册策略: rsi_strategy
2025-04-24 11:56:05,501 - ERROR - 加载和重采样数据失败：'Namespace' object has no attribute 'use'
2025-04-24 11:56:05,507 - ERROR - 初始数据加载失败，使用空数据
2025-04-24 11:56:05,511 - WARNING - 无数据，无法绘图
2025-04-24 11:56:06,191 - INFO - 测试数据已存在，跳过导出：d:\策略研究\回测功能\test_data\kline_test_data.csv
2025-04-24 12:01:28,155 - INFO - 注册策略: bollinger_strategy
2025-04-24 12:01:28,155 - INFO - 注册策略: kama_strategy
2025-04-24 12:01:28,155 - INFO - 注册策略: macd_strategy
2025-04-24 12:01:28,156 - INFO - 注册策略: rsi_strategy
2025-04-24 12:01:28,259 - INFO - 数据库数据加载成功，行数：2401
2025-04-24 12:01:29,497 - INFO - 图表渲染耗时：1.24秒，触发原因：正常渲染
2025-04-24 12:01:29,512 - INFO - 测试数据已存在，跳过导出：d:\策略研究\回测功能\test_data\kline_test_data.csv
2025-04-24 12:01:32,649 - INFO - 注册策略: bollinger_strategy
2025-04-24 12:01:32,649 - INFO - 注册策略: kama_strategy
2025-04-24 12:01:32,650 - INFO - 注册策略: macd_strategy
2025-04-24 12:01:32,650 - INFO - 注册策略: rsi_strategy
2025-04-24 12:01:32,765 - INFO - 数据库数据加载成功，行数：2401
2025-04-24 12:01:33,858 - INFO - 图表渲染耗时：1.09秒，触发原因：正常渲染
2025-04-24 12:01:33,872 - INFO - 测试数据已存在，跳过导出：d:\策略研究\回测功能\test_data\kline_test_data.csv
2025-04-24 12:02:20,905 - INFO - 范围在数据内，仅更新图表时间轴
2025-04-24 12:02:22,643 - INFO - 更新时间轴范围：2025-04-24 00:18:39.044700 到 2025-04-24 04:00:00
2025-04-24 12:02:22,900 - INFO - 无需加载数据，范围在当前数据内
2025-04-24 12:02:23,042 - INFO - 图表渲染耗时：0.14秒，触发原因：正常渲染
2025-04-24 12:02:23,043 - INFO - 图表更新完成，触发原因：数据或配置变化
2025-04-24 12:04:16,587 - INFO - 范围在数据内，仅更新图表时间轴
2025-04-24 12:04:19,045 - INFO - 范围在数据内，仅更新图表时间轴
2025-04-24 12:12:07,701 - INFO - 注册策略: bollinger_strategy
2025-04-24 12:12:07,702 - INFO - 注册策略: kama_strategy
2025-04-24 12:12:07,702 - INFO - 注册策略: macd_strategy
2025-04-24 12:12:07,702 - INFO - 注册策略: rsi_strategy
2025-04-24 12:12:07,703 - INFO - 总计注册策略数量：4
2025-04-24 12:12:07,834 - INFO - 数据库数据加载成功，行数：2401
2025-04-24 12:12:09,163 - INFO - 图表渲染耗时：1.32秒，触发原因：正常渲染
2025-04-24 12:12:09,178 - INFO - 测试数据已存在，跳过导出：d:\策略研究\回测功能\test_data\kline_test_data.csv
2025-04-24 12:12:12,688 - INFO - 注册策略: bollinger_strategy
2025-04-24 12:12:12,688 - INFO - 注册策略: kama_strategy
2025-04-24 12:12:12,689 - INFO - 注册策略: macd_strategy
2025-04-24 12:12:12,689 - INFO - 注册策略: rsi_strategy
2025-04-24 12:12:12,690 - INFO - 总计注册策略数量：4
2025-04-24 12:12:12,802 - INFO - 数据库数据加载成功，行数：2401
2025-04-24 12:12:13,753 - INFO - 图表渲染耗时：0.95秒，触发原因：正常渲染
2025-04-24 12:12:13,768 - INFO - 测试数据已存在，跳过导出：d:\策略研究\回测功能\test_data\kline_test_data.csv
2025-04-24 12:12:18,265 - INFO - 范围在数据内，仅更新图表时间轴，新范围：2025-04-23 22:44:13.432800 到 2025-04-24 03:43:13.432800
2025-04-24 12:13:09,014 - INFO - 注册策略: bollinger_strategy
2025-04-24 12:13:09,014 - INFO - 注册策略: kama_strategy
2025-04-24 12:13:09,014 - INFO - 注册策略: macd_strategy
2025-04-24 12:13:09,015 - INFO - 注册策略: rsi_strategy
2025-04-24 12:13:09,133 - INFO - 数据库数据加载成功，行数：2401
2025-04-24 12:13:10,074 - INFO - 图表渲染耗时：0.94秒，触发原因：正常渲染
2025-04-24 12:13:10,089 - INFO - 测试数据已存在，跳过导出：d:\策略研究\回测功能\test_data\kline_test_data.csv
2025-04-24 12:13:13,518 - INFO - 注册策略: bollinger_strategy
2025-04-24 12:13:13,519 - INFO - 注册策略: kama_strategy
2025-04-24 12:13:13,520 - INFO - 注册策略: macd_strategy
2025-04-24 12:13:13,520 - INFO - 注册策略: rsi_strategy
2025-04-24 12:13:13,630 - INFO - 数据库数据加载成功，行数：2401
2025-04-24 12:13:14,563 - INFO - 图表渲染耗时：0.93秒，触发原因：正常渲染
2025-04-24 12:13:14,578 - INFO - 测试数据已存在，跳过导出：d:\策略研究\回测功能\test_data\kline_test_data.csv
2025-04-24 12:13:25,245 - INFO - 范围在数据内，仅更新图表时间轴
2025-04-24 12:13:40,308 - INFO - 注册策略: bollinger_strategy
2025-04-24 12:13:40,309 - INFO - 注册策略: kama_strategy
2025-04-24 12:13:40,309 - INFO - 注册策略: macd_strategy
2025-04-24 12:13:40,309 - INFO - 注册策略: rsi_strategy
2025-04-24 12:13:40,388 - ERROR - 加载和重采样数据失败：'Namespace' object has no attribute 'use'
2025-04-24 12:13:40,392 - ERROR - 初始数据加载失败，使用空数据
2025-04-24 12:13:40,394 - WARNING - 无数据，无法绘图
2025-04-24 12:13:41,148 - INFO - 测试数据已存在，跳过导出：d:\策略研究\回测功能\test_data\kline_test_data.csv
2025-04-24 12:13:44,298 - INFO - 注册策略: bollinger_strategy
2025-04-24 12:13:44,299 - INFO - 注册策略: kama_strategy
2025-04-24 12:13:44,300 - INFO - 注册策略: macd_strategy
2025-04-24 12:13:44,300 - INFO - 注册策略: rsi_strategy
2025-04-24 12:13:44,388 - ERROR - 加载和重采样数据失败：'Namespace' object has no attribute 'use'
2025-04-24 12:13:44,392 - ERROR - 初始数据加载失败，使用空数据
2025-04-24 12:13:44,394 - WARNING - 无数据，无法绘图
2025-04-24 12:13:45,116 - INFO - 测试数据已存在，跳过导出：d:\策略研究\回测功能\test_data\kline_test_data.csv
2025-04-24 12:13:50,766 - WARNING - 无数据，无法绘图
2025-04-24 12:14:04,362 - INFO - 注册策略: bollinger_strategy
2025-04-24 12:14:04,362 - INFO - 注册策略: kama_strategy
2025-04-24 12:14:04,362 - INFO - 注册策略: macd_strategy
2025-04-24 12:14:04,363 - INFO - 注册策略: rsi_strategy
2025-04-24 12:14:05,354 - INFO - 图表渲染耗时：0.86秒
2025-04-24 12:14:05,369 - INFO - 测试数据已存在，跳过导出：d:\策略研究\回测功能\test_data\kline_test_data.csv
2025-04-24 12:14:09,441 - INFO - 注册策略: bollinger_strategy
2025-04-24 12:14:09,442 - INFO - 注册策略: kama_strategy
2025-04-24 12:14:09,442 - INFO - 注册策略: macd_strategy
2025-04-24 12:14:09,443 - INFO - 注册策略: rsi_strategy
2025-04-24 12:14:10,541 - INFO - 图表渲染耗时：0.98秒
2025-04-24 12:14:10,557 - INFO - 测试数据已存在，跳过导出：d:\策略研究\回测功能\test_data\kline_test_data.csv
2025-04-24 12:14:16,336 - INFO - 图表渲染耗时：0.14秒
2025-04-24 12:14:20,394 - INFO - 图表渲染耗时：0.12秒
2025-04-24 12:14:24,339 - INFO - 图表渲染耗时：0.11秒
2025-04-24 12:22:02,765 - INFO - 注册策略: bollinger_strategy
2025-04-24 12:22:02,765 - INFO - 注册策略: kama_strategy
2025-04-24 12:22:02,765 - INFO - 注册策略: macd_strategy
2025-04-24 12:22:02,766 - INFO - 注册策略: rsi_strategy
2025-04-24 12:22:02,877 - ERROR - 加载和重采样数据失败：'Namespace' object has no attribute 'use'
2025-04-24 12:22:02,882 - ERROR - 初始数据加载失败，使用空数据
2025-04-24 12:22:02,884 - WARNING - 无数据，无法绘图
2025-04-24 12:22:03,855 - INFO - 测试数据已存在，跳过导出：d:\策略研究\回测功能\test_data\kline_test_data.csv
2025-04-24 12:22:07,842 - INFO - 注册策略: bollinger_strategy
2025-04-24 12:22:07,842 - INFO - 注册策略: kama_strategy
2025-04-24 12:22:07,843 - INFO - 注册策略: macd_strategy
2025-04-24 12:22:07,843 - INFO - 注册策略: rsi_strategy
2025-04-24 12:22:07,934 - ERROR - 加载和重采样数据失败：'Namespace' object has no attribute 'use'
2025-04-24 12:22:07,938 - ERROR - 初始数据加载失败，使用空数据
2025-04-24 12:22:07,940 - WARNING - 无数据，无法绘图
2025-04-24 12:22:08,689 - INFO - 测试数据已存在，跳过导出：d:\策略研究\回测功能\test_data\kline_test_data.csv
2025-04-24 12:30:47,728 - INFO - 注册策略: bollinger_strategy
2025-04-24 12:30:47,729 - INFO - 注册策略: kama_strategy
2025-04-24 12:30:47,729 - INFO - 注册策略: macd_strategy
2025-04-24 12:30:47,729 - INFO - 注册策略: rsi_strategy
2025-04-24 12:30:48,915 - INFO - 图表渲染耗时：1.08秒
2025-04-24 12:30:48,929 - INFO - 测试数据已存在，跳过导出：d:\策略研究\回测功能\test_data\kline_test_data.csv
2025-04-24 12:30:52,434 - INFO - 注册策略: bollinger_strategy
2025-04-24 12:30:52,434 - INFO - 注册策略: kama_strategy
2025-04-24 12:30:52,435 - INFO - 注册策略: macd_strategy
2025-04-24 12:30:52,435 - INFO - 注册策略: rsi_strategy
2025-04-24 12:30:53,384 - INFO - 图表渲染耗时：0.85秒
2025-04-24 12:30:53,398 - INFO - 测试数据已存在，跳过导出：d:\策略研究\回测功能\test_data\kline_test_data.csv
2025-04-24 12:34:52,240 - INFO - 图表渲染耗时：0.13秒
2025-04-24 13:03:29,101 - INFO - 注册策略: bollinger_strategy
2025-04-24 13:03:29,102 - INFO - 注册策略: kama_strategy
2025-04-24 13:03:29,102 - INFO - 注册策略: macd_strategy
2025-04-24 13:03:29,102 - INFO - 注册策略: rsi_strategy
2025-04-24 13:03:30,502 - INFO - 图表渲染耗时：1.29秒
2025-04-24 13:03:30,518 - INFO - 测试数据已存在，跳过导出：d:\策略研究\回测功能\test_data\kline_test_data.csv
2025-04-24 13:03:33,907 - INFO - 注册策略: bollinger_strategy
2025-04-24 13:03:33,907 - INFO - 注册策略: kama_strategy
2025-04-24 13:03:33,908 - INFO - 注册策略: macd_strategy
2025-04-24 13:03:33,908 - INFO - 注册策略: rsi_strategy
2025-04-24 13:03:34,899 - INFO - 图表渲染耗时：0.89秒
2025-04-24 13:03:34,914 - INFO - 测试数据已存在，跳过导出：d:\策略研究\回测功能\test_data\kline_test_data.csv
2025-04-24 13:04:03,504 - INFO - 图表渲染耗时：0.17秒
2025-04-24 13:05:31,482 - INFO - 注册策略: bollinger_strategy
2025-04-24 13:05:31,482 - INFO - 注册策略: kama_strategy
2025-04-24 13:05:31,483 - INFO - 注册策略: macd_strategy
2025-04-24 13:05:31,483 - INFO - 注册策略: rsi_strategy
2025-04-24 13:05:32,523 - INFO - 图表渲染耗时：0.94秒
2025-04-24 13:05:32,538 - INFO - 测试数据已存在，跳过导出：d:\策略研究\回测功能\test_data\kline_test_data.csv
2025-04-24 13:05:35,684 - INFO - 注册策略: bollinger_strategy
2025-04-24 13:05:35,685 - INFO - 注册策略: kama_strategy
2025-04-24 13:05:35,686 - INFO - 注册策略: macd_strategy
2025-04-24 13:05:35,686 - INFO - 注册策略: rsi_strategy
2025-04-24 13:05:36,632 - INFO - 图表渲染耗时：0.85秒
2025-04-24 13:05:36,646 - INFO - 测试数据已存在，跳过导出：d:\策略研究\回测功能\test_data\kline_test_data.csv
2025-04-24 13:08:55,069 - INFO - 图表渲染耗时：0.09秒
2025-04-24 13:27:05,219 - INFO - 注册策略: bollinger_strategy
2025-04-24 13:27:05,219 - INFO - 注册策略: kama_strategy
2025-04-24 13:27:05,220 - INFO - 注册策略: macd_strategy
2025-04-24 13:27:05,220 - INFO - 注册策略: rsi_strategy
2025-04-24 13:27:06,662 - INFO - 图表渲染耗时：1.33秒
2025-04-24 13:27:06,678 - INFO - 测试数据已存在，跳过导出：d:\策略研究\回测功能\test_data\kline_test_data.csv
2025-04-24 13:27:10,928 - INFO - 注册策略: bollinger_strategy
2025-04-24 13:27:10,929 - INFO - 注册策略: kama_strategy
2025-04-24 13:27:10,929 - INFO - 注册策略: macd_strategy
2025-04-24 13:27:10,929 - INFO - 注册策略: rsi_strategy
2025-04-24 13:27:11,919 - INFO - 图表渲染耗时：0.89秒
2025-04-24 13:27:11,934 - INFO - 测试数据已存在，跳过导出：d:\策略研究\回测功能\test_data\kline_test_data.csv
2025-04-24 14:28:00,491 - INFO - 注册策略: bollinger_strategy
2025-04-24 14:28:00,492 - INFO - 注册策略: kama_strategy
2025-04-24 14:28:00,492 - INFO - 注册策略: macd_strategy
2025-04-24 14:28:00,493 - INFO - 注册策略: rsi_strategy
2025-04-24 14:28:01,847 - INFO - 图表渲染耗时：1.24秒
2025-04-24 14:28:01,869 - INFO - 测试数据已存在，跳过导出：d:\策略研究\回测功能\test_data\kline_test_data.csv
2025-04-24 14:28:26,956 - INFO - 注册策略: bollinger_strategy
2025-04-24 14:28:26,957 - INFO - 注册策略: kama_strategy
2025-04-24 14:28:26,957 - INFO - 注册策略: macd_strategy
2025-04-24 14:28:26,957 - INFO - 注册策略: rsi_strategy
2025-04-24 14:28:27,938 - INFO - 图表渲染耗时：0.87秒
2025-04-24 14:28:27,959 - INFO - 测试数据已存在，跳过导出：d:\策略研究\回测功能\test_data\kline_test_data.csv
2025-04-24 14:28:31,122 - INFO - 注册策略: bollinger_strategy
2025-04-24 14:28:31,122 - INFO - 注册策略: kama_strategy
2025-04-24 14:28:31,123 - INFO - 注册策略: macd_strategy
2025-04-24 14:28:31,123 - INFO - 注册策略: rsi_strategy
2025-04-24 14:28:32,234 - INFO - 图表渲染耗时：0.99秒
2025-04-24 14:28:32,255 - INFO - 测试数据已存在，跳过导出：d:\策略研究\回测功能\test_data\kline_test_data.csv
2025-04-24 14:41:40,112 - INFO - 注册策略: bollinger_strategy
2025-04-24 14:41:40,112 - INFO - 注册策略: kama_strategy
2025-04-24 14:41:40,112 - INFO - 注册策略: macd_strategy
2025-04-24 14:41:40,113 - INFO - 注册策略: rsi_strategy
2025-04-24 14:41:41,838 - INFO - 图表渲染耗时：1.62秒
2025-04-24 14:41:41,858 - INFO - 测试数据已存在，跳过导出：d:\策略研究\回测功能\test_data\kline_test_data.csv
2025-04-24 14:41:45,032 - INFO - 注册策略: bollinger_strategy
2025-04-24 14:41:45,032 - INFO - 注册策略: kama_strategy
2025-04-24 14:41:45,033 - INFO - 注册策略: macd_strategy
2025-04-24 14:41:45,033 - INFO - 注册策略: rsi_strategy
2025-04-24 14:41:46,085 - INFO - 图表渲染耗时：0.95秒
2025-04-24 14:41:46,109 - INFO - 测试数据已存在，跳过导出：d:\策略研究\回测功能\test_data\kline_test_data.csv
2025-04-24 14:48:51,242 - INFO - 注册策略: bollinger_strategy
2025-04-24 14:48:51,243 - INFO - 注册策略: kama_strategy
2025-04-24 14:48:51,243 - INFO - 注册策略: macd_strategy
2025-04-24 14:48:51,244 - INFO - 注册策略: rsi_strategy
2025-04-24 14:48:51,323 - INFO - 数据库时间范围：2025-02-26 14:55:00 至 2025-04-24 06:47:00
2025-04-24 14:48:51,324 - INFO - 从数据库加载数据：d:\策略研究\回测功能\..\kline_db_new\kline_data_LEAUSDT.db, 时间范围=2025-04-21 12:07:00至2025-04-24 06:47:00
2025-04-24 14:48:51,352 - INFO - 成功加载数据，K线数量：3995
2025-04-24 14:48:52,470 - INFO - 图表渲染耗时：1.11秒
2025-04-24 14:48:52,491 - INFO - 测试数据已存在，跳过导出：d:\策略研究\回测功能\test_data\kline_test_data.csv
2025-04-24 14:49:02,349 - INFO - 注册策略: bollinger_strategy
2025-04-24 14:49:02,349 - INFO - 注册策略: kama_strategy
2025-04-24 14:49:02,350 - INFO - 注册策略: macd_strategy
2025-04-24 14:49:02,350 - INFO - 注册策略: rsi_strategy
2025-04-24 14:49:02,435 - INFO - 数据库时间范围：2025-02-26 14:55:00 至 2025-04-24 06:47:00
2025-04-24 14:49:02,436 - INFO - 从数据库加载数据：d:\策略研究\回测功能\..\kline_db_new\kline_data_LEAUSDT.db, 时间范围=2025-04-21 12:07:00至2025-04-24 06:47:00
2025-04-24 14:49:02,464 - INFO - 成功加载数据，K线数量：3995
2025-04-24 14:49:03,394 - INFO - 图表渲染耗时：0.92秒
2025-04-24 14:49:03,416 - INFO - 测试数据已存在，跳过导出：d:\策略研究\回测功能\test_data\kline_test_data.csv
2025-04-24 14:56:53,956 - INFO - 注册策略: bollinger_strategy
2025-04-24 14:56:53,957 - INFO - 注册策略: kama_strategy
2025-04-24 14:56:53,957 - INFO - 注册策略: macd_strategy
2025-04-24 14:56:53,957 - INFO - 注册策略: rsi_strategy
2025-04-24 14:56:54,053 - INFO - 数据库时间范围：2025-02-26 14:55:00 至 2025-04-24 06:55:00
2025-04-24 14:56:54,087 - INFO - 成功加载数据：3995 条，时间范围 2025-04-21 12:15:00 至 2025-04-24 06:55:00
2025-04-24 14:56:55,302 - INFO - 图表渲染耗时：1.21秒
2025-04-24 14:58:30,188 - INFO - 注册策略: bollinger_strategy
2025-04-24 14:58:30,189 - INFO - 注册策略: kama_strategy
2025-04-24 14:58:30,189 - INFO - 注册策略: macd_strategy
2025-04-24 14:58:30,189 - INFO - 注册策略: rsi_strategy
2025-04-24 14:58:30,275 - INFO - 数据库时间范围：2025-02-26 14:55:00 至 2025-04-24 06:57:00
2025-04-24 14:58:30,303 - INFO - 成功加载数据：3995 条，时间范围 2025-04-21 12:17:00 至 2025-04-24 06:57:00
2025-04-24 14:58:31,261 - INFO - 图表渲染耗时：0.95秒
2025-04-24 14:58:59,253 - INFO - 注册策略: bollinger_strategy
2025-04-24 14:58:59,253 - INFO - 注册策略: kama_strategy
2025-04-24 14:58:59,254 - INFO - 注册策略: macd_strategy
2025-04-24 14:58:59,254 - INFO - 注册策略: rsi_strategy
2025-04-24 14:58:59,329 - INFO - 数据库时间范围：2025-02-26 14:55:00 至 2025-04-24 06:57:00
2025-04-24 14:58:59,356 - INFO - 成功加载数据：3995 条，时间范围 2025-04-21 12:17:00 至 2025-04-24 06:57:00
2025-04-24 14:59:00,198 - INFO - 图表渲染耗时：0.84秒
2025-04-24 14:59:04,256 - INFO - 注册策略: bollinger_strategy
2025-04-24 14:59:04,256 - INFO - 注册策略: kama_strategy
2025-04-24 14:59:04,257 - INFO - 注册策略: macd_strategy
2025-04-24 14:59:04,257 - INFO - 注册策略: rsi_strategy
2025-04-24 14:59:04,344 - INFO - 数据库时间范围：2025-02-26 14:55:00 至 2025-04-24 06:57:00
2025-04-24 14:59:04,371 - INFO - 成功加载数据：3995 条，时间范围 2025-04-21 12:17:00 至 2025-04-24 06:57:00
2025-04-24 14:59:05,276 - INFO - 图表渲染耗时：0.90秒
2025-04-24 15:04:53,708 - INFO - 加载历史数据：2025-04-21 07:17:00 至 2025-04-21 12:17:00, 周期=1m, 加载 1m K 线数量=300
2025-04-24 15:04:53,879 - INFO - 图表渲染耗时：0.14秒
2025-04-24 15:04:54,006 - INFO - 成功加载数据：300 条，时间范围 2025-04-21 07:18:00 至 2025-04-21 12:17:00
2025-04-24 15:04:54,015 - INFO - 加载新数据成功，新增 K 线数量：300
2025-04-24 15:04:56,276 - INFO - 图表渲染耗时：0.25秒
2025-04-24 15:05:51,186 - INFO - 注册策略: bollinger_strategy
2025-04-24 15:05:51,186 - INFO - 注册策略: kama_strategy
2025-04-24 15:05:51,187 - INFO - 注册策略: macd_strategy
2025-04-24 15:05:51,187 - INFO - 注册策略: rsi_strategy
2025-04-24 15:05:51,268 - INFO - 数据库时间范围：2025-02-26 14:55:00 至 2025-04-24 07:04:00
2025-04-24 15:05:51,295 - INFO - 成功加载数据：3995 条，时间范围 2025-04-21 12:24:00 至 2025-04-24 07:04:00
2025-04-24 15:05:52,499 - INFO - 图表渲染耗时：1.20秒
2025-04-24 15:05:55,749 - INFO - 注册策略: bollinger_strategy
2025-04-24 15:05:55,750 - INFO - 注册策略: kama_strategy
2025-04-24 15:05:55,750 - INFO - 注册策略: macd_strategy
2025-04-24 15:05:55,750 - INFO - 注册策略: rsi_strategy
2025-04-24 15:05:55,824 - INFO - 数据库时间范围：2025-02-26 14:55:00 至 2025-04-24 07:04:00
2025-04-24 15:05:55,851 - INFO - 成功加载数据：3995 条，时间范围 2025-04-21 12:24:00 至 2025-04-24 07:04:00
2025-04-24 15:05:56,736 - INFO - 图表渲染耗时：0.88秒
2025-04-24 15:06:09,570 - DEBUG - 时间跨度变化过小，跳过更新
2025-04-24 15:06:15,548 - DEBUG - 时间跨度变化过小，跳过更新
2025-04-24 15:06:20,328 - DEBUG - 时间跨度变化过小，跳过更新
2025-04-24 15:06:24,159 - DEBUG - 时间跨度变化过小，跳过更新
2025-04-24 15:06:27,455 - DEBUG - 时间跨度变化过小，跳过更新
2025-04-24 15:06:30,289 - DEBUG - 时间跨度变化过小，跳过更新
2025-04-24 15:06:33,060 - DEBUG - 时间跨度变化过小，跳过更新
2025-04-24 15:06:35,825 - DEBUG - 时间跨度变化过小，跳过更新
2025-04-24 15:06:41,515 - DEBUG - 时间跨度变化过小，跳过更新
2025-04-24 15:06:44,659 - DEBUG - 时间跨度变化过小，跳过更新
2025-04-24 15:06:48,106 - DEBUG - 时间跨度变化过小，跳过更新
2025-04-24 15:06:51,492 - DEBUG - 时间跨度变化过小，跳过更新
2025-04-24 22:08:46,365 - INFO - 注册策略: bollinger_strategy
2025-04-24 22:08:46,365 - INFO - 注册策略: kama_strategy
2025-04-24 22:08:46,365 - INFO - 注册策略: macd_strategy
2025-04-24 22:08:46,366 - INFO - 注册策略: rsi_strategy
2025-04-24 22:08:46,447 - INFO - 数据库时间范围：2025-02-26 14:55:00 至 2025-04-24 14:07:00
2025-04-24 22:08:46,448 - DEBUG - 加载数据：时间范围 2025-04-21 19:27:00 至 2025-04-24 14:07:00, 周期=1m, 所需 K 线数量=2000
2025-04-24 22:08:46,475 - INFO - 成功加载数据：3995 条，时间范围 2025-04-21 19:27:00 至 2025-04-24 14:07:00
2025-04-24 22:08:47,725 - INFO - 图表渲染耗时：1.25秒
2025-04-24 22:08:50,976 - INFO - 注册策略: bollinger_strategy
2025-04-24 22:08:50,977 - INFO - 注册策略: kama_strategy
2025-04-24 22:08:50,977 - INFO - 注册策略: macd_strategy
2025-04-24 22:08:50,978 - INFO - 注册策略: rsi_strategy
2025-04-24 22:08:51,053 - INFO - 数据库时间范围：2025-02-26 14:55:00 至 2025-04-24 14:07:00
2025-04-24 22:08:51,054 - DEBUG - 加载数据：时间范围 2025-04-21 19:27:00 至 2025-04-24 14:07:00, 周期=1m, 所需 K 线数量=2000
2025-04-24 22:08:51,081 - INFO - 成功加载数据：3995 条，时间范围 2025-04-21 19:27:00 至 2025-04-24 14:07:00
2025-04-24 22:08:51,954 - INFO - 图表渲染耗时：0.87秒
2025-04-24 22:09:02,182 - DEBUG - 时间跨度变化过小，跳过更新
2025-04-24 22:09:04,819 - DEBUG - 时间跨度变化过小，跳过更新
2025-04-24 22:09:08,341 - DEBUG - 时间跨度变化过小，跳过更新
2025-04-24 22:09:11,469 - DEBUG - 时间跨度变化过小，跳过更新
2025-04-24 22:09:15,344 - DEBUG - 时间跨度变化过小，跳过更新
2025-04-24 22:09:18,767 - DEBUG - 时间跨度变化过小，跳过更新
2025-04-24 22:09:21,180 - DEBUG - 时间跨度变化过小，跳过更新
2025-04-24 22:09:24,477 - DEBUG - 时间跨度变化过小，跳过更新
2025-04-24 22:09:28,733 - DEBUG - 时间跨度变化过小，跳过更新
2025-04-24 22:09:32,919 - DEBUG - 时间跨度变化过小，跳过更新
2025-04-24 22:09:38,086 - DEBUG - 时间跨度变化过小，跳过更新
2025-04-24 22:09:41,585 - DEBUG - 时间跨度变化过小，跳过更新
2025-04-24 22:09:44,548 - DEBUG - 时间跨度变化过小，跳过更新
2025-04-24 22:09:49,225 - DEBUG - 时间跨度变化过小，跳过更新
2025-04-24 22:09:52,548 - DEBUG - 时间跨度变化过小，跳过更新
2025-04-24 22:09:57,820 - DEBUG - 时间跨度变化过小，跳过更新
2025-04-24 22:10:01,460 - DEBUG - 时间跨度变化过小，跳过更新
2025-04-24 22:10:05,011 - DEBUG - 时间跨度变化过小，跳过更新
2025-04-24 22:10:09,671 - DEBUG - 时间跨度变化过小，跳过更新
2025-04-24 22:10:12,886 - DEBUG - 时间跨度变化过小，跳过更新
2025-04-24 22:10:16,454 - DEBUG - 时间跨度变化过小，跳过更新
2025-04-24 22:10:19,644 - DEBUG - 时间跨度变化过小，跳过更新
2025-04-24 22:10:23,265 - DEBUG - 时间跨度变化过小，跳过更新
2025-04-24 22:10:26,908 - DEBUG - 时间跨度变化过小，跳过更新
2025-04-24 22:10:35,972 - DEBUG - 时间跨度变化过小，跳过更新
2025-04-24 22:10:39,891 - DEBUG - 时间跨度变化过小，跳过更新
2025-04-24 22:10:43,345 - DEBUG - 时间跨度变化过小，跳过更新
2025-04-24 22:10:48,188 - DEBUG - 时间跨度变化过小，跳过更新
2025-04-24 22:10:51,541 - DEBUG - 时间跨度变化过小，跳过更新
2025-04-24 22:10:59,259 - DEBUG - 时间跨度变化过小，跳过更新
2025-04-24 22:21:15,518 - INFO - 注册策略: bollinger_strategy
2025-04-24 22:21:15,518 - INFO - 注册策略: kama_strategy
2025-04-24 22:21:15,518 - INFO - 注册策略: macd_strategy
2025-04-24 22:21:15,519 - INFO - 注册策略: rsi_strategy
2025-04-24 22:21:15,605 - INFO - 数据库时间范围：2025-02-26 14:55:00 至 2025-04-24 14:07:00
2025-04-24 22:21:15,606 - DEBUG - 加载数据：时间范围 2025-04-21 19:27:00 至 2025-04-24 14:07:00, 周期=1m, 所需 K 线数量=2000
2025-04-24 22:21:15,607 - DEBUG - 执行 SQL 查询：coin_name=LEAUSDT, interval=1m, start_timestamp=1745263620, end_timestamp=1745503620, limit=4000
2025-04-24 22:21:15,637 - INFO - 成功加载数据：3995 条，时间范围 2025-04-21 19:27:00 至 2025-04-24 14:07:00
2025-04-24 22:21:16,799 - INFO - 图表渲染耗时：1.16秒
2025-04-24 22:21:19,889 - INFO - 注册策略: bollinger_strategy
2025-04-24 22:21:19,890 - INFO - 注册策略: kama_strategy
2025-04-24 22:21:19,890 - INFO - 注册策略: macd_strategy
2025-04-24 22:21:19,891 - INFO - 注册策略: rsi_strategy
2025-04-24 22:21:19,969 - INFO - 数据库时间范围：2025-02-26 14:55:00 至 2025-04-24 14:07:00
2025-04-24 22:21:19,970 - DEBUG - 加载数据：时间范围 2025-04-21 19:27:00 至 2025-04-24 14:07:00, 周期=1m, 所需 K 线数量=2000
2025-04-24 22:21:19,971 - DEBUG - 执行 SQL 查询：coin_name=LEAUSDT, interval=1m, start_timestamp=1745263620, end_timestamp=1745503620, limit=4000
2025-04-24 22:21:19,997 - INFO - 成功加载数据：3995 条，时间范围 2025-04-21 19:27:00 至 2025-04-24 14:07:00
2025-04-24 22:21:20,845 - INFO - 图表渲染耗时：0.84秒
2025-04-24 22:22:43,766 - DEBUG - 更新时间轴范围：['2025-04-24T07:32:29', '2025-04-24T12:31:29']
2025-04-24 22:22:43,874 - DEBUG - 当前可见 K 线数量：299, 范围：2025-04-24 07:32:29 至 2025-04-24 12:31:29, 数据边界：2025-04-21 19:27:00 至 2025-04-24 14:07:00
2025-04-24 22:22:43,876 - DEBUG - 加载条件检查：time_to_min=-3605.483333333333, range_start=2025-04-24 07:32:29, all_data.index.min()=2025-04-21 19:27:00, range_start > MIN_DATE=True
2025-04-24 22:22:43,877 - DEBUG - 未触发数据加载
2025-04-24 22:22:44,024 - INFO - 图表渲染耗时：0.12秒
2025-04-24 22:22:47,533 - DEBUG - 更新时间轴范围：['2025-04-24T03:56:11', '2025-04-24T08:55:11']
2025-04-24 22:22:47,876 - DEBUG - 当前可见 K 线数量：299, 范围：2025-04-24 03:56:11 至 2025-04-24 08:55:11, 数据边界：2025-04-21 19:27:00 至 2025-04-24 14:07:00
2025-04-24 22:22:47,878 - DEBUG - 加载条件检查：time_to_min=-3389.1833333333334, range_start=2025-04-24 03:56:11, all_data.index.min()=2025-04-21 19:27:00, range_start > MIN_DATE=True
2025-04-24 22:22:47,879 - DEBUG - 未触发数据加载
2025-04-24 22:22:48,144 - INFO - 图表渲染耗时：0.20秒
2025-04-24 22:22:54,664 - DEBUG - 更新时间轴范围：['2025-04-24T01:27:25', '2025-04-24T06:26:25']
2025-04-24 22:22:54,737 - DEBUG - 当前可见 K 线数量：299, 范围：2025-04-24 01:27:25 至 2025-04-24 06:26:25, 数据边界：2025-04-21 19:27:00 至 2025-04-24 14:07:00
2025-04-24 22:22:54,758 - DEBUG - 加载条件检查：time_to_min=-3240.4166666666665, range_start=2025-04-24 01:27:25, all_data.index.min()=2025-04-21 19:27:00, range_start > MIN_DATE=True
2025-04-24 22:22:54,769 - DEBUG - 未触发数据加载
2025-04-24 22:22:54,932 - INFO - 图表渲染耗时：0.13秒
2025-04-24 22:22:59,844 - DEBUG - 更新时间轴范围：['2025-04-23T22:51:49', '2025-04-24T03:50:49']
2025-04-24 22:22:59,906 - DEBUG - 当前可见 K 线数量：299, 范围：2025-04-23 22:51:49 至 2025-04-24 03:50:49, 数据边界：2025-04-21 19:27:00 至 2025-04-24 14:07:00
2025-04-24 22:22:59,907 - DEBUG - 加载条件检查：time_to_min=-3084.8166666666666, range_start=2025-04-23 22:51:49, all_data.index.min()=2025-04-21 19:27:00, range_start > MIN_DATE=True
2025-04-24 22:22:59,908 - DEBUG - 未触发数据加载
2025-04-24 22:23:00,120 - INFO - 图表渲染耗时：0.15秒
2025-04-24 22:23:05,318 - DEBUG - 更新时间轴范围：['2025-04-23T18:59:45', '2025-04-23T23:58:45']
2025-04-24 22:23:05,373 - DEBUG - 当前可见 K 线数量：299, 范围：2025-04-23 18:59:45 至 2025-04-23 23:58:45, 数据边界：2025-04-21 19:27:00 至 2025-04-24 14:07:00
2025-04-24 22:23:05,387 - DEBUG - 加载条件检查：time_to_min=-2852.75, range_start=2025-04-23 18:59:45, all_data.index.min()=2025-04-21 19:27:00, range_start > MIN_DATE=True
2025-04-24 22:23:05,402 - DEBUG - 未触发数据加载
2025-04-24 22:23:05,574 - INFO - 图表渲染耗时：0.14秒
2025-04-24 22:23:10,747 - DEBUG - 更新时间轴范围：['2025-04-23T17:37:20', '2025-04-23T22:36:20']
2025-04-24 22:23:10,836 - DEBUG - 当前可见 K 线数量：299, 范围：2025-04-23 17:37:20 至 2025-04-23 22:36:20, 数据边界：2025-04-21 19:27:00 至 2025-04-24 14:07:00
2025-04-24 22:23:10,838 - DEBUG - 加载条件检查：time_to_min=-2770.3333333333335, range_start=2025-04-23 17:37:20, all_data.index.min()=2025-04-21 19:27:00, range_start > MIN_DATE=True
2025-04-24 22:23:10,853 - DEBUG - 未触发数据加载
2025-04-24 22:23:11,027 - INFO - 图表渲染耗时：0.13秒
2025-04-24 22:46:44,215 - INFO - 注册策略: bollinger_strategy
2025-04-24 22:46:44,216 - INFO - 注册策略: kama_strategy
2025-04-24 22:46:44,216 - INFO - 注册策略: macd_strategy
2025-04-24 22:46:44,217 - INFO - 注册策略: rsi_strategy
2025-04-24 22:46:44,293 - INFO - 数据库时间范围：2025-02-26 14:55:00 至 2025-04-24 14:07:00
2025-04-24 22:46:44,294 - DEBUG - 加载数据：时间范围 2025-04-21 19:27:00 至 2025-04-24 14:07:00, 周期=1m, 所需 K 线数量=2000
2025-04-24 22:46:44,295 - DEBUG - 执行 SQL 查询：coin_name=LEAUSDT, interval=1m, start_timestamp=1745263620, end_timestamp=1745503620, limit=4000
2025-04-24 22:46:44,321 - INFO - 成功加载数据：3995 条，时间范围 2025-04-21 19:27:00 至 2025-04-24 14:07:00
2025-04-24 22:46:51,257 - INFO - 注册策略: bollinger_strategy
2025-04-24 22:46:51,258 - INFO - 注册策略: kama_strategy
2025-04-24 22:46:51,258 - INFO - 注册策略: macd_strategy
2025-04-24 22:46:51,258 - INFO - 注册策略: rsi_strategy
2025-04-24 22:46:51,339 - INFO - 数据库时间范围：2025-02-26 14:55:00 至 2025-04-24 14:07:00
2025-04-24 22:46:51,340 - DEBUG - 加载数据：时间范围 2025-04-21 19:27:00 至 2025-04-24 14:07:00, 周期=1m, 所需 K 线数量=2000
2025-04-24 22:46:51,341 - DEBUG - 执行 SQL 查询：coin_name=LEAUSDT, interval=1m, start_timestamp=1745263620, end_timestamp=1745503620, limit=4000
2025-04-24 22:46:51,368 - INFO - 成功加载数据：3995 条，时间范围 2025-04-21 19:27:00 至 2025-04-24 14:07:00
2025-04-24 22:46:52,243 - INFO - 图表渲染耗时：0.87秒
2025-04-24 22:46:55,850 - INFO - 注册策略: bollinger_strategy
2025-04-24 22:46:55,850 - INFO - 注册策略: kama_strategy
2025-04-24 22:46:55,851 - INFO - 注册策略: macd_strategy
2025-04-24 22:46:55,851 - INFO - 注册策略: rsi_strategy
2025-04-24 22:46:55,927 - INFO - 数据库时间范围：2025-02-26 14:55:00 至 2025-04-24 14:07:00
2025-04-24 22:46:55,928 - DEBUG - 加载数据：时间范围 2025-04-21 19:27:00 至 2025-04-24 14:07:00, 周期=1m, 所需 K 线数量=2000
2025-04-24 22:46:55,929 - DEBUG - 执行 SQL 查询：coin_name=LEAUSDT, interval=1m, start_timestamp=1745263620, end_timestamp=1745503620, limit=4000
2025-04-24 22:46:55,956 - INFO - 成功加载数据：3995 条，时间范围 2025-04-21 19:27:00 至 2025-04-24 14:07:00
2025-04-24 22:46:56,838 - INFO - 图表渲染耗时：0.88秒
2025-04-24 22:47:02,971 - DEBUG - 更新时间轴范围：['2025-04-24T08:26:56', '2025-04-24T13:25:56']
2025-04-24 22:47:03,050 - DEBUG - 当前可见 K 线数量：299, 预期 K 线数量：299, 范围：2025-04-24 08:26:56 至 2025-04-24 13:25:56, 数据边界：2025-04-21 19:27:00 至 2025-04-24 14:07:00
2025-04-24 22:47:03,059 - DEBUG - 加载条件检查：time_to_min=-3659.9333333333334, range_start=2025-04-24 08:26:56, all_data.index.min()=2025-04-21 19:27:00, range_start > MIN_DATE=True, visible_candles=299, expected_candles=299
2025-04-24 22:47:03,062 - DEBUG - 未触发数据加载
2025-04-24 22:47:03,096 - DEBUG - 无需重新渲染图表
2025-04-24 22:47:07,879 - DEBUG - 更新时间轴范围：['2025-04-24T07:44:41', '2025-04-24T12:43:41']
2025-04-24 22:47:07,977 - DEBUG - 当前可见 K 线数量：299, 预期 K 线数量：299, 范围：2025-04-24 07:44:41 至 2025-04-24 12:43:41, 数据边界：2025-04-21 19:27:00 至 2025-04-24 14:07:00
2025-04-24 22:47:07,979 - DEBUG - 加载条件检查：time_to_min=-3617.6833333333334, range_start=2025-04-24 07:44:41, all_data.index.min()=2025-04-21 19:27:00, range_start > MIN_DATE=True, visible_candles=299, expected_candles=299
2025-04-24 22:47:07,998 - DEBUG - 未触发数据加载
2025-04-24 22:47:08,040 - DEBUG - 无需重新渲染图表
2025-04-24 22:47:12,772 - DEBUG - 更新时间轴范围：['2025-04-24T07:03:20', '2025-04-24T12:02:20']
2025-04-24 22:47:12,957 - DEBUG - 当前可见 K 线数量：299, 预期 K 线数量：299, 范围：2025-04-24 07:03:20 至 2025-04-24 12:02:20, 数据边界：2025-04-21 19:27:00 至 2025-04-24 14:07:00
2025-04-24 22:47:12,958 - DEBUG - 加载条件检查：time_to_min=-3576.3333333333335, range_start=2025-04-24 07:03:20, all_data.index.min()=2025-04-21 19:27:00, range_start > MIN_DATE=True, visible_candles=299, expected_candles=299
2025-04-24 22:47:12,959 - DEBUG - 未触发数据加载
2025-04-24 22:47:13,026 - DEBUG - 无需重新渲染图表
2025-04-24 22:47:17,638 - DEBUG - 更新时间轴范围：['2025-04-24T06:05:55', '2025-04-24T11:04:55']
2025-04-24 22:47:17,687 - DEBUG - 当前可见 K 线数量：299, 预期 K 线数量：299, 范围：2025-04-24 06:05:55 至 2025-04-24 11:04:55, 数据边界：2025-04-21 19:27:00 至 2025-04-24 14:07:00
2025-04-24 22:47:17,689 - DEBUG - 加载条件检查：time_to_min=-3518.9166666666665, range_start=2025-04-24 06:05:55, all_data.index.min()=2025-04-21 19:27:00, range_start > MIN_DATE=True, visible_candles=299, expected_candles=299
2025-04-24 22:47:17,716 - DEBUG - 未触发数据加载
2025-04-24 22:47:17,760 - DEBUG - 无需重新渲染图表
2025-04-24 22:47:21,477 - DEBUG - 更新时间轴范围：['2025-04-24T04:53:19', '2025-04-24T09:52:19']
2025-04-24 22:47:21,528 - DEBUG - 当前可见 K 线数量：299, 预期 K 线数量：299, 范围：2025-04-24 04:53:19 至 2025-04-24 09:52:19, 数据边界：2025-04-21 19:27:00 至 2025-04-24 14:07:00
2025-04-24 22:47:21,530 - DEBUG - 加载条件检查：time_to_min=-3446.3166666666666, range_start=2025-04-24 04:53:19, all_data.index.min()=2025-04-21 19:27:00, range_start > MIN_DATE=True, visible_candles=299, expected_candles=299
2025-04-24 22:47:21,547 - DEBUG - 未触发数据加载
2025-04-24 22:47:21,589 - DEBUG - 无需重新渲染图表
2025-04-24 22:47:26,579 - DEBUG - 更新时间轴范围：['2025-04-24T03:54:25', '2025-04-24T08:53:25']
2025-04-24 22:47:26,640 - DEBUG - 当前可见 K 线数量：299, 预期 K 线数量：299, 范围：2025-04-24 03:54:25 至 2025-04-24 08:53:25, 数据边界：2025-04-21 19:27:00 至 2025-04-24 14:07:00
2025-04-24 22:47:26,654 - DEBUG - 加载条件检查：time_to_min=-3387.4166666666665, range_start=2025-04-24 03:54:25, all_data.index.min()=2025-04-21 19:27:00, range_start > MIN_DATE=True, visible_candles=299, expected_candles=299
2025-04-24 22:47:26,669 - DEBUG - 未触发数据加载
2025-04-24 22:47:26,704 - DEBUG - 无需重新渲染图表
2025-04-24 22:47:46,461 - DEBUG - 更新时间轴范围：['2025-04-24T03:20:48', '2025-04-24T08:19:48']
2025-04-24 22:47:46,531 - DEBUG - 当前可见 K 线数量：299, 预期 K 线数量：299, 范围：2025-04-24 03:20:48 至 2025-04-24 08:19:48, 数据边界：2025-04-21 19:27:00 至 2025-04-24 14:07:00
2025-04-24 22:47:46,532 - DEBUG - 加载条件检查：time_to_min=-3353.8, range_start=2025-04-24 03:20:48, all_data.index.min()=2025-04-21 19:27:00, range_start > MIN_DATE=True, visible_candles=299, expected_candles=299
2025-04-24 22:47:46,554 - DEBUG - 未触发数据加载
2025-04-24 22:47:46,597 - DEBUG - 无需重新渲染图表
2025-04-25 09:02:21,331 - INFO - 注册策略: bollinger_strategy
2025-04-25 09:02:21,332 - INFO - 注册策略: kama_strategy
2025-04-25 09:02:21,332 - INFO - 注册策略: macd_strategy
2025-04-25 09:02:21,332 - INFO - 注册策略: rsi_strategy
2025-04-25 09:02:22,237 - ERROR - 查询 API 时间范围错误：name 'Api_URL' is not defined
2025-04-25 09:02:22,891 - ERROR - API 数据加载错误：500 Server Error: Internal Server Error for url: http://47.251.103.179:8000/kline?coin_name=LEAUSDT&interval=1m&limit=2000&start_time=2025-04-23T23%3A42%3A00&end_time=2025-04-25T09%3A02%3A00, 参数={'coin_name': 'LEAUSDT', 'interval': '1m', 'limit': 2000, 'start_time': '2025-04-23T23:42:00', 'end_time': '2025-04-25T09:02:00'}
2025-04-25 09:02:22,899 - WARNING - 加载数据为空：时间范围=2025-04-23 23:42:00至2025-04-25 09:02:00
2025-04-25 09:02:22,902 - ERROR - 初始数据加载失败，使用空数据
2025-04-25 09:02:22,906 - WARNING - 无数据，无法绘图
2025-04-25 09:02:24,043 - INFO - 测试数据已存在，跳过导出：d:\策略研究\回测功能\test_data\kline_test_data.csv
2025-04-25 09:05:38,186 - INFO - 注册策略: bollinger_strategy
2025-04-25 09:05:38,187 - INFO - 注册策略: kama_strategy
2025-04-25 09:05:38,187 - INFO - 注册策略: macd_strategy
2025-04-25 09:05:38,187 - INFO - 注册策略: rsi_strategy
2025-04-25 09:05:38,786 - ERROR - 查询 API 时间范围错误：500 Server Error: Internal Server Error for url: http://47.251.103.179:8000/kline?coin_name=LEAUSDT&interval=1m&limit=1&start_time=2025-04-24T09%3A05%3A38.234632
2025-04-25 09:05:39,037 - ERROR - API 数据加载错误：500 Server Error: Internal Server Error for url: http://47.251.103.179:8000/kline?coin_name=LEAUSDT&interval=1m&limit=2000&start_time=2025-04-23T23%3A45%3A00&end_time=2025-04-25T09%3A05%3A00, 参数={'coin_name': 'LEAUSDT', 'interval': '1m', 'limit': 2000, 'start_time': '2025-04-23T23:45:00', 'end_time': '2025-04-25T09:05:00'}
2025-04-25 09:05:39,040 - WARNING - 加载数据为空：时间范围=2025-04-23 23:45:00至2025-04-25 09:05:00
2025-04-25 09:05:39,042 - ERROR - 初始数据加载失败，使用空数据
2025-04-25 09:05:39,044 - WARNING - 无数据，无法绘图
2025-04-25 09:05:39,739 - INFO - 测试数据已存在，跳过导出：d:\策略研究\回测功能\test_data\kline_test_data.csv
2025-04-25 09:06:06,575 - INFO - 注册策略: bollinger_strategy
2025-04-25 09:06:06,575 - INFO - 注册策略: kama_strategy
2025-04-25 09:06:06,575 - INFO - 注册策略: macd_strategy
2025-04-25 09:06:06,576 - INFO - 注册策略: rsi_strategy
2025-04-25 09:06:07,338 - ERROR - 查询 API 时间范围错误：500 Server Error: Internal Server Error for url: http://47.251.103.179:8000/kline?coin_name=LEAUSDT&interval=1m&limit=1&start_time=2025-04-24T09%3A06%3A06.620229
2025-04-25 09:06:07,670 - ERROR - API 数据加载错误：500 Server Error: Internal Server Error for url: http://47.251.103.179:8000/kline?coin_name=LEAUSDT&interval=1m&limit=2000&start_time=2025-04-23T23%3A46%3A00&end_time=2025-04-25T09%3A06%3A00, 参数={'coin_name': 'LEAUSDT', 'interval': '1m', 'limit': 2000, 'start_time': '2025-04-23T23:46:00', 'end_time': '2025-04-25T09:06:00'}
2025-04-25 09:06:07,673 - WARNING - 加载数据为空：时间范围=2025-04-23 23:46:00至2025-04-25 09:06:00
2025-04-25 09:06:07,675 - ERROR - 初始数据加载失败，使用空数据
2025-04-25 09:06:07,677 - WARNING - 无数据，无法绘图
2025-04-25 09:06:08,439 - INFO - 测试数据已存在，跳过导出：d:\策略研究\回测功能\test_data\kline_test_data.csv
2025-04-25 09:08:02,248 - INFO - 注册策略: bollinger_strategy
2025-04-25 09:08:02,248 - INFO - 注册策略: kama_strategy
2025-04-25 09:08:02,248 - INFO - 注册策略: macd_strategy
2025-04-25 09:08:02,248 - INFO - 注册策略: rsi_strategy
2025-04-25 09:08:02,581 - ERROR - 查询 API 时间范围错误：name 'Api_URL' is not defined
2025-04-25 09:08:02,868 - ERROR - API 数据加载错误（尝试 1/3）：500 Server Error: Internal Server Error for url: http://47.251.103.179:8000/kline?coin_name=LEAUSDT&interval=1m&limit=2000&start_time=2025-04-23T23%3A48%3A00&end_time=2025-04-25T09%3A08%3A00, 参数={'coin_name': 'LEAUSDT', 'interval': '1m', 'limit': 2000, 'start_time': '2025-04-23T23:48:00', 'end_time': '2025-04-25T09:08:00'}, 响应={"detail":"404: No data found for the given query"}
2025-04-25 09:08:05,180 - ERROR - API 数据加载错误（尝试 2/3）：500 Server Error: Internal Server Error for url: http://47.251.103.179:8000/kline?coin_name=LEAUSDT&interval=1m&limit=2000&start_time=2025-04-23T23%3A48%3A00&end_time=2025-04-25T09%3A08%3A00, 参数={'coin_name': 'LEAUSDT', 'interval': '1m', 'limit': 2000, 'start_time': '2025-04-23T23:48:00', 'end_time': '2025-04-25T09:08:00'}, 响应={"detail":"404: No data found for the given query"}
2025-04-25 09:08:07,621 - ERROR - API 数据加载错误（尝试 3/3）：500 Server Error: Internal Server Error for url: http://47.251.103.179:8000/kline?coin_name=LEAUSDT&interval=1m&limit=2000&start_time=2025-04-23T23%3A48%3A00&end_time=2025-04-25T09%3A08%3A00, 参数={'coin_name': 'LEAUSDT', 'interval': '1m', 'limit': 2000, 'start_time': '2025-04-23T23:48:00', 'end_time': '2025-04-25T09:08:00'}, 响应={"detail":"404: No data found for the given query"}
2025-04-25 09:08:07,623 - ERROR - 达到最大重试次数，数据加载失败
2025-04-25 09:08:07,625 - WARNING - 加载数据为空：时间范围=2025-04-23 23:48:00至2025-04-25 09:08:00
2025-04-25 09:08:07,627 - ERROR - 初始数据加载失败，使用空数据
2025-04-25 09:08:07,629 - WARNING - 无数据，无法绘图
2025-04-25 09:08:08,346 - INFO - 测试数据已存在，跳过导出：d:\策略研究\回测功能\test_data\kline_test_data.csv
2025-04-25 09:08:34,861 - INFO - 注册策略: bollinger_strategy
2025-04-25 09:08:34,862 - INFO - 注册策略: kama_strategy
2025-04-25 09:08:34,862 - INFO - 注册策略: macd_strategy
2025-04-25 09:08:34,862 - INFO - 注册策略: rsi_strategy
2025-04-25 09:08:35,184 - ERROR - 查询 API 时间范围错误：name 'Api_URL' is not defined
2025-04-25 09:08:35,451 - ERROR - API 数据加载错误（尝试 1/3）：500 Server Error: Internal Server Error for url: http://47.251.103.179:8000/kline?coin_name=LEAUSDT&interval=1m&limit=2000&start_time=2025-04-23T23%3A48%3A00&end_time=2025-04-25T09%3A08%3A00, 参数={'coin_name': 'LEAUSDT', 'interval': '1m', 'limit': 2000, 'start_time': '2025-04-23T23:48:00', 'end_time': '2025-04-25T09:08:00'}, 响应={"detail":"404: No data found for the given query"}
2025-04-25 09:08:37,700 - ERROR - API 数据加载错误（尝试 2/3）：500 Server Error: Internal Server Error for url: http://47.251.103.179:8000/kline?coin_name=LEAUSDT&interval=1m&limit=2000&start_time=2025-04-23T23%3A48%3A00&end_time=2025-04-25T09%3A08%3A00, 参数={'coin_name': 'LEAUSDT', 'interval': '1m', 'limit': 2000, 'start_time': '2025-04-23T23:48:00', 'end_time': '2025-04-25T09:08:00'}, 响应={"detail":"404: No data found for the given query"}
2025-04-25 09:08:39,959 - ERROR - API 数据加载错误（尝试 3/3）：500 Server Error: Internal Server Error for url: http://47.251.103.179:8000/kline?coin_name=LEAUSDT&interval=1m&limit=2000&start_time=2025-04-23T23%3A48%3A00&end_time=2025-04-25T09%3A08%3A00, 参数={'coin_name': 'LEAUSDT', 'interval': '1m', 'limit': 2000, 'start_time': '2025-04-23T23:48:00', 'end_time': '2025-04-25T09:08:00'}, 响应={"detail":"404: No data found for the given query"}
2025-04-25 09:08:39,960 - ERROR - 达到最大重试次数，数据加载失败
2025-04-25 09:08:39,963 - WARNING - 加载数据为空：时间范围=2025-04-23 23:48:00至2025-04-25 09:08:00
2025-04-25 09:08:39,965 - ERROR - 初始数据加载失败，使用空数据
2025-04-25 09:08:39,967 - WARNING - 无数据，无法绘图
2025-04-25 09:08:47,280 - INFO - 注册策略: bollinger_strategy
2025-04-25 09:08:47,280 - INFO - 注册策略: kama_strategy
2025-04-25 09:08:47,281 - INFO - 注册策略: macd_strategy
2025-04-25 09:08:47,281 - INFO - 注册策略: rsi_strategy
2025-04-25 09:08:48,153 - ERROR - 查询 API 时间范围错误：500 Server Error: Internal Server Error for url: http://47.251.103.179:8000/kline?coin_name=LEAUSDT&interval=1m&limit=1&start_time=2025-04-24T09%3A08%3A47.863292
2025-04-25 09:08:48,449 - ERROR - API 数据加载错误（尝试 1/3）：500 Server Error: Internal Server Error for url: http://47.251.103.179:8000/kline?coin_name=LEAUSDT&interval=1m&limit=2000&start_time=2025-04-23T23%3A48%3A00&end_time=2025-04-25T09%3A08%3A00, 参数={'coin_name': 'LEAUSDT', 'interval': '1m', 'limit': 2000, 'start_time': '2025-04-23T23:48:00', 'end_time': '2025-04-25T09:08:00'}, 响应={"detail":"404: No data found for the given query"}
2025-04-25 09:08:50,751 - ERROR - API 数据加载错误（尝试 2/3）：500 Server Error: Internal Server Error for url: http://47.251.103.179:8000/kline?coin_name=LEAUSDT&interval=1m&limit=2000&start_time=2025-04-23T23%3A48%3A00&end_time=2025-04-25T09%3A08%3A00, 参数={'coin_name': 'LEAUSDT', 'interval': '1m', 'limit': 2000, 'start_time': '2025-04-23T23:48:00', 'end_time': '2025-04-25T09:08:00'}, 响应={"detail":"404: No data found for the given query"}
2025-04-25 09:08:53,012 - ERROR - API 数据加载错误（尝试 3/3）：500 Server Error: Internal Server Error for url: http://47.251.103.179:8000/kline?coin_name=LEAUSDT&interval=1m&limit=2000&start_time=2025-04-23T23%3A48%3A00&end_time=2025-04-25T09%3A08%3A00, 参数={'coin_name': 'LEAUSDT', 'interval': '1m', 'limit': 2000, 'start_time': '2025-04-23T23:48:00', 'end_time': '2025-04-25T09:08:00'}, 响应={"detail":"404: No data found for the given query"}
2025-04-25 09:08:53,013 - ERROR - 达到最大重试次数，数据加载失败
2025-04-25 09:08:53,016 - WARNING - 加载数据为空：时间范围=2025-04-23 23:48:00至2025-04-25 09:08:00
2025-04-25 09:08:53,017 - ERROR - 初始数据加载失败，使用空数据
2025-04-25 09:08:53,019 - WARNING - 无数据，无法绘图
2025-04-25 09:08:53,675 - INFO - 测试数据已存在，跳过导出：d:\策略研究\回测功能\test_data\kline_test_data.csv
2025-04-25 09:15:14,787 - INFO - 注册策略: bollinger_strategy
2025-04-25 09:15:14,787 - INFO - 注册策略: kama_strategy
2025-04-25 09:15:14,788 - INFO - 注册策略: macd_strategy
2025-04-25 09:15:14,788 - INFO - 注册策略: rsi_strategy
2025-04-25 09:15:16,273 - ERROR - 查询 API 时间范围错误：500 Server Error: Internal Server Error for url: http://47.251.103.179:8000/kline?coin_name=LEAUSDT&interval=1m&limit=1&start_time=2025-04-24T09%3A15%3A15.842861&end_time=2025-04-25T09%3A15%3A15.842861
2025-04-25 09:15:16,705 - ERROR - API 请求失败，第 1 次尝试：500 Server Error: Internal Server Error for url: http://47.251.103.179:8000/kline?coin_name=LEAUSDT&interval=1m&limit=2000&start_time=2025-04-23T23%3A55%3A00&end_time=2025-04-25T09%3A15%3A00, 参数={'coin_name': 'LEAUSDT', 'interval': '1m', 'limit': 2000, 'start_time': '2025-04-23T23:55:00', 'end_time': '2025-04-25T09:15:00'}
2025-04-25 09:15:16,706 - WARNING - 未获取到数据，调整 end_time 至 2025-03-26 09:15:00, 第 1 次尝试
2025-04-25 09:15:17,154 - ERROR - API 请求失败，第 2 次尝试：500 Server Error: Internal Server Error for url: http://47.251.103.179:8000/kline?coin_name=LEAUSDT&interval=1m&limit=2000&start_time=2025-04-23T23%3A55%3A00&end_time=2025-03-26T09%3A15%3A00, 参数={'coin_name': 'LEAUSDT', 'interval': '1m', 'limit': 2000, 'start_time': '2025-04-23T23:55:00', 'end_time': '2025-03-26T09:15:00'}
2025-04-25 09:15:17,156 - WARNING - 未获取到数据，调整 end_time 至 2025-02-24 09:15:00, 第 2 次尝试
2025-04-25 09:15:17,805 - ERROR - API 请求失败，第 3 次尝试：500 Server Error: Internal Server Error for url: http://47.251.103.179:8000/kline?coin_name=LEAUSDT&interval=1m&limit=2000&start_time=2025-04-23T23%3A55%3A00&end_time=2025-02-24T09%3A15%3A00, 参数={'coin_name': 'LEAUSDT', 'interval': '1m', 'limit': 2000, 'start_time': '2025-04-23T23:55:00', 'end_time': '2025-02-24T09:15:00'}
2025-04-25 09:15:17,807 - WARNING - 未获取到数据，调整 end_time 至 2025-01-25 09:15:00, 第 3 次尝试
2025-04-25 09:15:18,458 - ERROR - API 请求失败，第 4 次尝试：500 Server Error: Internal Server Error for url: http://47.251.103.179:8000/kline?coin_name=LEAUSDT&interval=1m&limit=2000&start_time=2025-04-23T23%3A55%3A00&end_time=2025-01-25T09%3A15%3A00, 参数={'coin_name': 'LEAUSDT', 'interval': '1m', 'limit': 2000, 'start_time': '2025-04-23T23:55:00', 'end_time': '2025-01-25T09:15:00'}
2025-04-25 09:15:18,459 - WARNING - 未获取到数据，调整 end_time 至 2024-12-26 09:15:00, 第 4 次尝试
2025-04-25 09:15:18,733 - ERROR - API 请求失败，第 5 次尝试：500 Server Error: Internal Server Error for url: http://47.251.103.179:8000/kline?coin_name=LEAUSDT&interval=1m&limit=2000&start_time=2025-04-23T23%3A55%3A00&end_time=2024-12-26T09%3A15%3A00, 参数={'coin_name': 'LEAUSDT', 'interval': '1m', 'limit': 2000, 'start_time': '2025-04-23T23:55:00', 'end_time': '2024-12-26T09:15:00'}
2025-04-25 09:15:18,735 - WARNING - 未获取到数据，调整 end_time 至 2024-11-26 09:15:00, 第 5 次尝试
2025-04-25 09:15:18,735 - ERROR - 多次尝试后仍未获取到数据，停止加载
2025-04-25 09:15:18,736 - WARNING - API 返回空数据：参数={'coin_name': 'LEAUSDT', 'interval': '1m', 'limit': 2000, 'start_time': '2025-04-23T23:55:00', 'end_time': '2024-12-26T09:15:00'}
2025-04-25 09:15:18,738 - WARNING - 加载数据为空：时间范围=2025-04-23 23:55:00至2025-04-25 09:15:00
2025-04-25 09:15:18,740 - ERROR - 初始数据加载失败，使用空数据
2025-04-25 09:15:18,742 - WARNING - 无数据，无法绘图
2025-04-25 09:15:19,434 - INFO - 测试数据已存在，跳过导出：d:\策略研究\回测功能\test_data\kline_test_data.csv
2025-04-25 09:21:23,901 - INFO - 注册策略: bollinger_strategy
2025-04-25 09:21:23,902 - INFO - 注册策略: kama_strategy
2025-04-25 09:21:23,902 - INFO - 注册策略: macd_strategy
2025-04-25 09:21:23,902 - INFO - 注册策略: rsi_strategy
2025-04-25 09:21:24,984 - ERROR - 查询 API 时间范围错误：500 Server Error: Internal Server Error for url: http://47.251.103.179:8000/kline?coin_name=LEAUSDT&interval=1m&limit=1&start_time=2025-04-25T09%3A21%3A24.383211
2025-04-25 09:21:24,985 - INFO - 尝试加载初始数据，尝试次数：1，开始时间：2025-04-24 00:01:00，结束时间：2025-04-25 09:21:00
2025-04-25 09:21:25,280 - ERROR - API 数据加载错误：500 Server Error: Internal Server Error for url: http://47.251.103.179:8000/kline?coin_name=LEAUSDT&interval=1m&limit=2000&start_time=2025-04-24T00%3A01%3A00, 参数={'coin_name': 'LEAUSDT', 'interval': '1m', 'limit': 2000, 'start_time': '2025-04-24T00:01:00'}
2025-04-25 09:21:25,283 - WARNING - 加载数据为空：开始时间=2025-04-24 00:01:00
2025-04-25 09:21:25,285 - INFO - 尝试加载初始数据，尝试次数：2，开始时间：2025-04-23 00:01:00，结束时间：2025-04-24 09:21:00
2025-04-25 09:21:25,576 - ERROR - API 数据加载错误：500 Server Error: Internal Server Error for url: http://47.251.103.179:8000/kline?coin_name=LEAUSDT&interval=1m&limit=2000&start_time=2025-04-23T00%3A01%3A00, 参数={'coin_name': 'LEAUSDT', 'interval': '1m', 'limit': 2000, 'start_time': '2025-04-23T00:01:00'}
2025-04-25 09:21:25,578 - WARNING - 加载数据为空：开始时间=2025-04-23 00:01:00
2025-04-25 09:21:25,579 - INFO - 尝试加载初始数据，尝试次数：3，开始时间：2025-04-22 00:01:00，结束时间：2025-04-23 09:21:00
2025-04-25 09:21:25,949 - ERROR - API 数据加载错误：500 Server Error: Internal Server Error for url: http://47.251.103.179:8000/kline?coin_name=LEAUSDT&interval=1m&limit=2000&start_time=2025-04-22T00%3A01%3A00, 参数={'coin_name': 'LEAUSDT', 'interval': '1m', 'limit': 2000, 'start_time': '2025-04-22T00:01:00'}
2025-04-25 09:21:25,951 - WARNING - 加载数据为空：开始时间=2025-04-22 00:01:00
2025-04-25 09:21:25,953 - INFO - 尝试加载初始数据，尝试次数：4，开始时间：2025-04-21 00:01:00，结束时间：2025-04-22 09:21:00
2025-04-25 09:21:26,328 - ERROR - API 数据加载错误：500 Server Error: Internal Server Error for url: http://47.251.103.179:8000/kline?coin_name=LEAUSDT&interval=1m&limit=2000&start_time=2025-04-21T00%3A01%3A00, 参数={'coin_name': 'LEAUSDT', 'interval': '1m', 'limit': 2000, 'start_time': '2025-04-21T00:01:00'}
2025-04-25 09:21:26,330 - WARNING - 加载数据为空：开始时间=2025-04-21 00:01:00
2025-04-25 09:21:26,332 - INFO - 尝试加载初始数据，尝试次数：5，开始时间：2025-04-20 00:01:00，结束时间：2025-04-21 09:21:00
2025-04-25 09:21:26,752 - ERROR - API 数据加载错误：500 Server Error: Internal Server Error for url: http://47.251.103.179:8000/kline?coin_name=LEAUSDT&interval=1m&limit=2000&start_time=2025-04-20T00%3A01%3A00, 参数={'coin_name': 'LEAUSDT', 'interval': '1m', 'limit': 2000, 'start_time': '2025-04-20T00:01:00'}
2025-04-25 09:21:26,754 - WARNING - 加载数据为空：开始时间=2025-04-20 00:01:00
2025-04-25 09:21:26,756 - ERROR - 初始数据加载失败，使用空数据
2025-04-25 09:21:26,758 - WARNING - 无数据，无法绘图
2025-04-25 09:21:27,432 - INFO - 测试数据已存在，跳过导出：d:\策略研究\回测功能\test_data\kline_test_data.csv
2025-04-25 09:26:50,800 - INFO - 注册策略: bollinger_strategy
2025-04-25 09:26:50,800 - INFO - 注册策略: kama_strategy
2025-04-25 09:26:50,801 - INFO - 注册策略: macd_strategy
2025-04-25 09:26:50,801 - INFO - 注册策略: rsi_strategy
2025-04-25 09:26:51,136 - INFO - API 健康检查成功：{'status': 'healthy'}
2025-04-25 09:26:51,701 - ERROR - 查询 API 时间范围错误：500 Server Error: Internal Server Error for url: http://47.251.103.179:8000/kline?coin_name=LEAUSDT&interval=1m&limit=1&start_time=2025-04-25T09%3A26%3A51.456911
2025-04-25 09:26:51,702 - INFO - 尝试加载初始数据，尝试次数：1，开始时间：2024-10-27 09:26:00
2025-04-25 09:26:53,531 - INFO - 图表渲染耗时：0.90秒
2025-04-25 09:26:53,546 - INFO - 测试数据已存在，跳过导出：d:\策略研究\回测功能\test_data\kline_test_data.csv
2025-04-25 09:42:10,936 - INFO - 注册策略: bollinger_strategy
2025-04-25 09:42:10,937 - INFO - 注册策略: kama_strategy
2025-04-25 09:42:10,937 - INFO - 注册策略: macd_strategy
2025-04-25 09:42:10,937 - INFO - 注册策略: rsi_strategy
2025-04-25 09:42:11,384 - INFO - API 健康检查成功：{'status': 'healthy'}
2025-04-25 09:42:12,203 - ERROR - 查询 API 时间范围错误：500 Server Error: Internal Server Error for url: http://47.251.103.179:8000/kline?coin_name=LEAUSDT&interval=1m&limit=1&start_time=2025-04-25T09%3A42%3A11.630418
2025-04-25 09:42:12,204 - INFO - 尝试加载初始数据，尝试次数：1，开始时间：2024-10-27 09:42:00
2025-04-25 09:42:13,760 - INFO - 图表渲染耗时：0.84秒
2025-04-25 09:42:13,774 - INFO - 测试数据已存在，跳过导出：d:\策略研究\回测功能\test_data\kline_test_data.csv
